#
# A fatal error has been detected by the Java Runtime Environment:
#
#  SIGBUS (0x7) at pc=0x00007fc66acb8f2d, pid=23616, tid=0x00007fc66e334700
#
# JRE version: OpenJDK Runtime Environment (8.0_131-b11) (build 1.8.0_131-8u131-b11-2ubuntu1.17.04.3-b11)
# Java VM: OpenJDK 64-Bit Server VM (25.131-b11 mixed mode linux-amd64 compressed oops)
# Problematic frame:
# C  [libzip.so+0x4f2d]
#
# Failed to write core dump. Core dumps have been disabled. To enable core dumping, try "ulimit -c unlimited" before starting Java again
#
# If you would like to submit a bug report, please visit:
#   http://bugreport.java.com/bugreport/crash.jsp
# The crash happened outside the Java Virtual Machine in native code.
# See problematic frame for where to report the bug.
#

---------------  T H R E A D  ---------------

Current thread (0x00007fc66400a000):  JavaThread "main" [_thread_in_native, id=23617, stack(0x00007fc66e234000,0x00007fc66e335000)]

siginfo: si_signo: 7 (SIGBUS), si_code: 2 (BUS_ADRERR), si_addr: 0x00007fc64e749238

Registers:
RAX=0x00007fc664530610, RBX=0x00007fc66426c8f0, RCX=0x00007fc64e74921a, RDX=0x00007fc664530610
RSP=0x00007fc66e331620, RBP=0x00007fc66e331690, RSI=0x0000000000000000, RDI=0x0000000000000003
R8 =0x0000000095afd929, R9 =0x0000000000000050, R10=0x00007fc655129c98, R11=0x0000000000000008
R12=0x00007fc66429f898, R13=0x00007fc64e74921a, R14=0x00007fc66426c8f0, R15=0x00007fc664530610
RIP=0x00007fc66acb8f2d, EFLAGS=0x0000000000010202, CSGSFS=0x002b000000000033, ERR=0x0000000000000004
  TRAPNO=0x000000000000000e

Top of Stack: (sp=0x00007fc66e331620)
0x00007fc66e331620:   00007fc66e331d40 0000000000000000
0x00007fc66e331630:   0000000000000035 00007fc66dbbf021
0x00007fc66e331640:   00007fc66e3317c0 00007fc66cd7ba5f
0x00007fc66e331650:   00007fc600000000 00007fc66ce6d420
0x00007fc66e331660:   000000000000002d 00007fc66429f890
0x00007fc66e331670:   0000000095afd929 00007fc66e33172c
0x00007fc66e331680:   00007fc66426c8f0 00007fc66450dff0
0x00007fc66e331690:   00007fc66e3316e0 00007fc66acb9c64
0x00007fc66e3316a0:   00007fc66e331700 0000002d012cfc00
0x00007fc66e3316b0:   00007fc66e3316e0 000000000000002d
0x00007fc66e3316c0:   00007fc66400a1e0 0000000771a110a0
0x00007fc66e3316d0:   00007fc66e331b58 00007fc66426c8f0
0x00007fc66e3316e0:   00007fc66e331b40 00007fc66acb7bbc
0x00007fc66e3316f0:   00007fc66e331700 000000016e331c90
0x00007fc66e331700:   676f6f672f6d6f63 6f6d6d6f632f656c
0x00007fc66e331710:   63656c6c6f632f6e 6174756d6d492f74
0x00007fc66e331720:   2e7473694c656c62 0000007373616c63
0x00007fc66e331730:   00007fc66e331e40 0000003000000010
0x00007fc66e331740:   00007fc66e3317e8 00007fc66e331d60
0x00007fc66e331750:   00007fc66e331810 000000006e333624
0x00007fc66e331760:   0000000000000000 0000000100000000
0x00007fc66e331770:   00007fc600000000 0000000000000000
0x00007fc66e331780:   ffffffffffffffff 0000000100000000
0x00007fc66e331790:   00007fc600000000 00007fc6ffffffc6
0x00007fc66e3317a0:   00007fc600000000 798d8a8400000000
0x00007fc66e3317b0:   00007fc66e331860 0000000000000000
0x00007fc66e3317c0:   0000000000000d68 000000070000003a
0x00007fc66e3317d0:   00007fc66d0b1289 0000000200000000
0x00007fc66e3317e0:   0000000000000d68 00007fc66d0b128b
0x00007fc66e3317f0:   00007fc66d09b75c 0000000200000000
0x00007fc66e331800:   00007fc66845a708 00007fc66d09b75e
0x00007fc66e331810:   00007fc668933c18 00007fc6687b7490 

Instructions: (pc=0x00007fc66acb8f2d)
0x00007fc66acb8f0d:   73 48 48 8b 7b 10 b9 a0 00 00 00 49 8b 14 24 e8
0x00007fc66acb8f1d:   af fe ff ff 49 89 c5 4d 85 ed 0f 84 23 03 00 00
0x00007fc66acb8f2d:   41 0f b7 45 1e 45 0f b7 75 1c 48 c7 45 c8 00 00
0x00007fc66acb8f3d:   00 00 66 89 45 c6 41 0f b7 45 20 4d 89 f4 66 89 

Register to memory mapping:

RAX=0x00007fc664530610 is an unknown value
RBX=0x00007fc66426c8f0 is an unknown value
RCX=0x00007fc64e74921a is an unknown value
RDX=0x00007fc664530610 is an unknown value
RSP=0x00007fc66e331620 is pointing into the stack for thread: 0x00007fc66400a000
RBP=0x00007fc66e331690 is pointing into the stack for thread: 0x00007fc66400a000
RSI=0x0000000000000000 is an unknown value
RDI=0x0000000000000003 is an unknown value
R8 =0x0000000095afd929 is an unknown value
R9 =0x0000000000000050 is an unknown value
R10=0x00007fc655129c98 is at entry_point+88 in (nmethod*)0x00007fc655129ad0
R11=0x0000000000000008 is an unknown value
R12=0x00007fc66429f898 is an unknown value
R13=0x00007fc64e74921a is an unknown value
R14=0x00007fc66426c8f0 is an unknown value
R15=0x00007fc664530610 is an unknown value


Stack: [0x00007fc66e234000,0x00007fc66e335000],  sp=0x00007fc66e331620,  free space=1013k
Native frames: (J=compiled Java code, j=interpreted, Vv=VM code, C=native code)
C  [libzip.so+0x4f2d]
C  [libzip.so+0x5c64]
C  [libzip.so+0x3bbc]  Java_java_util_zip_ZipFile_getEntry+0xfc
J 63  java.util.zip.ZipFile.getEntry(J[BZ)J (0 bytes) @ 0x00007fc655129d0e [0x00007fc655129c40+0xce]
J 686 C2 sun.misc.URLClassPath$JarLoader.getResource(Ljava/lang/String;Z)Lsun/misc/Resource; (85 bytes) @ 0x00007fc6552d8364 [0x00007fc6552d7fa0+0x3c4]
J 155 C1 sun.misc.URLClassPath.getResource(Ljava/lang/String;Z)Lsun/misc/Resource; (83 bytes) @ 0x00007fc65515be6c [0x00007fc65515bd00+0x16c]
J 229 C1 java.net.URLClassLoader$1.run()Ljava/lang/Class; (63 bytes) @ 0x00007fc6551830fc [0x00007fc655182ee0+0x21c]
J 228 C1 java.net.URLClassLoader$1.run()Ljava/lang/Object; (5 bytes) @ 0x00007fc655182b4c [0x00007fc655182ac0+0x8c]
v  ~StubRoutines::call_stub
V  [libjvm.so+0x666903]  JavaCalls::call_helper(JavaValue*, methodHandle*, JavaCallArguments*, Thread*)+0xf53
V  [libjvm.so+0x6b386a]  JVM_DoPrivileged+0x46a
J 220  java.security.AccessController.doPrivileged(Ljava/security/PrivilegedExceptionAction;Ljava/security/AccessControlContext;)Ljava/lang/Object; (0 bytes) @ 0x00007fc65517e055 [0x00007fc65517df80+0xd5]
J 156 C1 java.net.URLClassLoader.findClass(Ljava/lang/String;)Ljava/lang/Class; (47 bytes) @ 0x00007fc65515c594 [0x00007fc65515c400+0x194]
J 112 C1 java.lang.ClassLoader.loadClass(Ljava/lang/String;Z)Ljava/lang/Class; (122 bytes) @ 0x00007fc655144704 [0x00007fc655143da0+0x964]
J 196 C1 sun.misc.Launcher$AppClassLoader.loadClass(Ljava/lang/String;Z)Ljava/lang/Class; (85 bytes) @ 0x00007fc655176aa4 [0x00007fc655176100+0x9a4]
J 195 C1 java.lang.ClassLoader.loadClass(Ljava/lang/String;)Ljava/lang/Class; (7 bytes) @ 0x00007fc6551735c4 [0x00007fc6551734c0+0x104]
v  ~StubRoutines::call_stub
V  [libjvm.so+0x666903]  JavaCalls::call_helper(JavaValue*, methodHandle*, JavaCallArguments*, Thread*)+0xf53
V  [libjvm.so+0x663e67]  JavaCalls::call_virtual(JavaValue*, KlassHandle, Symbol*, Symbol*, JavaCallArguments*, Thread*)+0x297
V  [libjvm.so+0x6644c3]  JavaCalls::call_virtual(JavaValue*, Handle, KlassHandle, Symbol*, Symbol*, Handle, Thread*)+0x63
V  [libjvm.so+0x9e6f95]  SystemDictionary::load_instance_class(Symbol*, Handle, Thread*)+0x415
V  [libjvm.so+0x9e590b]  SystemDictionary::resolve_instance_class_or_null(Symbol*, Handle, Handle, Thread*)+0x98b
V  [libjvm.so+0x9e7a1a]  SystemDictionary::resolve_or_fail(Symbol*, Handle, Handle, bool, Thread*)+0x5a
V  [libjvm.so+0x4b7de3]  ConstantPool::klass_at_impl(constantPoolHandle, int, Thread*)+0x413
V  [libjvm.so+0x4ba55d]  ConstantPool::klass_ref_at(int, Thread*)+0xcd
V  [libjvm.so+0x78fa55]  LinkResolver::resolve_invokestatic(CallInfo&, constantPoolHandle, int, Thread*)+0xb5
V  [libjvm.so+0x792af8]  LinkResolver::resolve_invoke(CallInfo&, Handle, constantPoolHandle, int, Bytecodes::Code, Thread*)+0x398
V  [libjvm.so+0x6597c1]  InterpreterRuntime::resolve_invoke(JavaThread*, Bytecodes::Code)+0x2e1
j  com.villagechief.codescan.pdf.processors.PmdProcessor.process()V+1276
j  com.villagechief.codescan.pdf.App.main([Ljava/lang/String;)V+668
v  ~StubRoutines::call_stub
V  [libjvm.so+0x666903]  JavaCalls::call_helper(JavaValue*, methodHandle*, JavaCallArguments*, Thread*)+0xf53
V  [libjvm.so+0x6871a7]  jni_invoke_static(JNIEnv_*, JavaValue*, _jobject*, JNICallType, _jmethodID*, JNI_ArgumentPusher*, Thread*) [clone .isra.82] [clone .constprop.89]+0x357
V  [libjvm.so+0x6898c6]  jni_CallStaticVoidMethod+0x186
C  [libjli.so+0x3541]
C  [libjli.so+0x748d]
C  [libpthread.so.0+0x76da]  start_thread+0xca

Java frames: (J=compiled Java code, j=interpreted, Vv=VM code)
J 63  java.util.zip.ZipFile.getEntry(J[BZ)J (0 bytes) @ 0x00007fc655129c98 [0x00007fc655129c40+0x58]
J 686 C2 sun.misc.URLClassPath$JarLoader.getResource(Ljava/lang/String;Z)Lsun/misc/Resource; (85 bytes) @ 0x00007fc6552d8364 [0x00007fc6552d7fa0+0x3c4]
J 155 C1 sun.misc.URLClassPath.getResource(Ljava/lang/String;Z)Lsun/misc/Resource; (83 bytes) @ 0x00007fc65515be6c [0x00007fc65515bd00+0x16c]
J 229 C1 java.net.URLClassLoader$1.run()Ljava/lang/Class; (63 bytes) @ 0x00007fc6551830fc [0x00007fc655182ee0+0x21c]
J 228 C1 java.net.URLClassLoader$1.run()Ljava/lang/Object; (5 bytes) @ 0x00007fc655182b4c [0x00007fc655182ac0+0x8c]
v  ~StubRoutines::call_stub
J 220  java.security.AccessController.doPrivileged(Ljava/security/PrivilegedExceptionAction;Ljava/security/AccessControlContext;)Ljava/lang/Object; (0 bytes) @ 0x00007fc65517dfe3 [0x00007fc65517df80+0x63]
J 156 C1 java.net.URLClassLoader.findClass(Ljava/lang/String;)Ljava/lang/Class; (47 bytes) @ 0x00007fc65515c594 [0x00007fc65515c400+0x194]
J 112 C1 java.lang.ClassLoader.loadClass(Ljava/lang/String;Z)Ljava/lang/Class; (122 bytes) @ 0x00007fc655144704 [0x00007fc655143da0+0x964]
J 196 C1 sun.misc.Launcher$AppClassLoader.loadClass(Ljava/lang/String;Z)Ljava/lang/Class; (85 bytes) @ 0x00007fc655176aa4 [0x00007fc655176100+0x9a4]
J 195 C1 java.lang.ClassLoader.loadClass(Ljava/lang/String;)Ljava/lang/Class; (7 bytes) @ 0x00007fc6551735c4 [0x00007fc6551734c0+0x104]
v  ~StubRoutines::call_stub
j  com.villagechief.codescan.pdf.processors.PmdProcessor.process()V+1276
j  com.villagechief.codescan.pdf.App.main([Ljava/lang/String;)V+668
v  ~StubRoutines::call_stub

---------------  P R O C E S S  ---------------

Java Threads: ( => current thread )
  0x00007fc66420a000 JavaThread "Service Thread" daemon [_thread_blocked, id=23634, stack(0x00007fc64e911000,0x00007fc64ea12000)]
  0x00007fc664205000 JavaThread "C1 CompilerThread3" daemon [_thread_blocked, id=23633, stack(0x00007fc64ea12000,0x00007fc64eb13000)]
  0x00007fc664200800 JavaThread "C2 CompilerThread2" daemon [_thread_in_native, id=23632, stack(0x00007fc64eb13000,0x00007fc64ec14000)]
  0x00007fc6641ff000 JavaThread "C2 CompilerThread1" daemon [_thread_in_native, id=23631, stack(0x00007fc64ec14000,0x00007fc64ed15000)]
  0x00007fc6641fc000 JavaThread "C2 CompilerThread0" daemon [_thread_in_native, id=23630, stack(0x00007fc64ed15000,0x00007fc64ee16000)]
  0x00007fc6641fa000 JavaThread "Signal Dispatcher" daemon [_thread_blocked, id=23629, stack(0x00007fc64ee16000,0x00007fc64ef17000)]
  0x00007fc6641d2800 JavaThread "Finalizer" daemon [_thread_blocked, id=23628, stack(0x00007fc64f1f2000,0x00007fc64f2f3000)]
  0x00007fc6641ce000 JavaThread "Reference Handler" daemon [_thread_blocked, id=23627, stack(0x00007fc64f2f3000,0x00007fc64f3f4000)]
=>0x00007fc66400a000 JavaThread "main" [_thread_in_native, id=23617, stack(0x00007fc66e234000,0x00007fc66e335000)]

Other Threads:
  0x00007fc6641c6800 VMThread [stack: 0x00007fc64f3f4000,0x00007fc64f4f5000] [id=23626]
  0x00007fc66420c800 WatcherThread [stack: 0x00007fc64e810000,0x00007fc64e911000] [id=23635]

VM state:not at safepoint (normal execution)

VM Mutex/Monitor currently owned by a thread: None

Heap:
 PSYoungGen      total 74240K, used 25543K [0x000000076db80000, 0x0000000772e00000, 0x00000007c0000000)
  eden space 64000K, 24% used [0x000000076db80000,0x000000076ead27a8,0x0000000771a00000)
  from space 10240K, 96% used [0x0000000771a00000,0x000000077239f5a0,0x0000000772400000)
  to   space 10240K, 0% used [0x0000000772400000,0x0000000772400000,0x0000000772e00000)
 ParOldGen       total 169472K, used 88K [0x00000006c9200000, 0x00000006d3780000, 0x000000076db80000)
  object space 169472K, 0% used [0x00000006c9200000,0x00000006c9216010,0x00000006d3780000)
 Metaspace       used 11401K, capacity 11508K, committed 11776K, reserved 1058816K
  class space    used 1497K, capacity 1528K, committed 1536K, reserved 1048576K

Card table byte_map: [0x00007fc66a13c000,0x00007fc66a8f4000] byte_map_base: 0x00007fc666af3000

Marking Bits: (ParMarkBitMap*) 0x00007fc66d5162c0
 Begin Bits: [0x00007fc618490000, 0x00007fc61c248000)
 End Bits:   [0x00007fc61c248000, 0x00007fc620000000)

Polling page: 0x00007fc66e368000

CodeCache: size=245760Kb used=6584Kb max_used=6584Kb free=239175Kb
 bounds [0x00007fc655000000, 0x00007fc655680000, 0x00007fc664000000]
 total_blobs=2289 nmethods=1961 adapters=241
 compilation: enabled

Compilation events (10 events):
Event: 1.187 Thread 0x00007fc664205000 nmethod 1963 0x00007fc655666190 code [0x00007fc655666300, 0x00007fc655666508]
Event: 1.187 Thread 0x00007fc664205000 1964       3       java.lang.Enum::equals (11 bytes)
Event: 1.188 Thread 0x00007fc664205000 nmethod 1964 0x00007fc655666590 code [0x00007fc655666700, 0x00007fc6556668b0]
Event: 1.188 Thread 0x00007fc664205000 1966       3       java.util.TreeMap::put (247 bytes)
Event: 1.191 Thread 0x00007fc664205000 nmethod 1966 0x00007fc655666910 code [0x00007fc655666b80, 0x00007fc655667db8]
Event: 1.191 Thread 0x00007fc664205000 1970       3       java.util.regex.Pattern$Start::match (90 bytes)
Event: 1.191 Thread 0x00007fc664205000 nmethod 1970 0x00007fc6556684d0 code [0x00007fc655668660, 0x00007fc655668a68]
Event: 1.191 Thread 0x00007fc664205000 1971       3       java.util.regex.Pattern::sequence (553 bytes)
Event: 1.195 Thread 0x00007fc664205000 nmethod 1971 0x00007fc655668c50 code [0x00007fc6556691a0, 0x00007fc65566c1f8]
Event: 1.195 Thread 0x00007fc664205000 1969       3       java.util.regex.Pattern::closure (477 bytes)

GC Heap History (2 events):
Event: 1.068 GC heap before
{Heap before GC invocations=1 (full 0):
 PSYoungGen      total 74240K, used 64000K [0x000000076db80000, 0x0000000772e00000, 0x00000007c0000000)
  eden space 64000K, 100% used [0x000000076db80000,0x0000000771a00000,0x0000000771a00000)
  from space 10240K, 0% used [0x0000000772400000,0x0000000772400000,0x0000000772e00000)
  to   space 10240K, 0% used [0x0000000771a00000,0x0000000771a00000,0x0000000772400000)
 ParOldGen       total 169472K, used 0K [0x00000006c9200000, 0x00000006d3780000, 0x000000076db80000)
  object space 169472K, 0% used [0x00000006c9200000,0x00000006c9200000,0x00000006d3780000)
 Metaspace       used 11123K, capacity 11234K, committed 11520K, reserved 1058816K
  class space    used 1477K, capacity 1525K, committed 1536K, reserved 1048576K
Event: 1.075 GC heap after
Heap after GC invocations=1 (full 0):
 PSYoungGen      total 74240K, used 9853K [0x000000076db80000, 0x0000000772e00000, 0x00000007c0000000)
  eden space 64000K, 0% used [0x000000076db80000,0x000000076db80000,0x0000000771a00000)
  from space 10240K, 96% used [0x0000000771a00000,0x000000077239f5a0,0x0000000772400000)
  to   space 10240K, 0% used [0x0000000772400000,0x0000000772400000,0x0000000772e00000)
 ParOldGen       total 169472K, used 88K [0x00000006c9200000, 0x00000006d3780000, 0x000000076db80000)
  object space 169472K, 0% used [0x00000006c9200000,0x00000006c9216010,0x00000006d3780000)
 Metaspace       used 11123K, capacity 11234K, committed 11520K, reserved 1058816K
  class space    used 1477K, capacity 1525K, committed 1536K, reserved 1048576K
}

Deoptimization events (10 events):
Event: 1.008 Thread 0x00007fc66400a000 Uncommon trap: reason=class_check action=maybe_recompile pc=0x00007fc655468298 method=java.util.AbstractList$Itr.hasNext()Z @ 8
Event: 1.008 Thread 0x00007fc66400a000 Uncommon trap: reason=class_check action=maybe_recompile pc=0x00007fc655468298 method=java.util.AbstractList$Itr.hasNext()Z @ 8
Event: 1.013 Thread 0x00007fc66400a000 Uncommon trap: reason=class_check action=maybe_recompile pc=0x00007fc655468298 method=java.util.AbstractList$Itr.hasNext()Z @ 8
Event: 1.013 Thread 0x00007fc66400a000 Uncommon trap: reason=class_check action=maybe_recompile pc=0x00007fc655468298 method=java.util.AbstractList$Itr.hasNext()Z @ 8
Event: 1.133 Thread 0x00007fc66400a000 Uncommon trap: reason=unstable_if action=reinterpret pc=0x00007fc6552d4510 method=java.util.HashMap.hash(Ljava/lang/Object;)I @ 1
Event: 1.133 Thread 0x00007fc66400a000 Uncommon trap: reason=unstable_if action=reinterpret pc=0x00007fc65550d568 method=java.util.HashMap.hash(Ljava/lang/Object;)I @ 1
Event: 1.133 Thread 0x00007fc66400a000 Uncommon trap: reason=unstable_if action=reinterpret pc=0x00007fc65538b84c method=java.util.HashMap.hash(Ljava/lang/Object;)I @ 1
Event: 1.139 Thread 0x00007fc66400a000 Uncommon trap: reason=unstable_if action=reinterpret pc=0x00007fc6552144e0 method=com.villagechief.pmd.lang.ast.AbstractNode.findDescendantsOfType(Lcom/villagechief/pmd/lang/ast/Node;Ljava/lang/Class;Ljava/util/List;Z)V @ 1
Event: 1.173 Thread 0x00007fc66400a000 Uncommon trap: reason=unstable_if action=reinterpret pc=0x00007fc65560b934 method=org.jaxen.expr.PredicateSet.applyPredicate(Lorg/jaxen/expr/Predicate;Ljava/util/List;Lorg/jaxen/ContextSupport;)Ljava/util/List; @ 121
Event: 1.191 Thread 0x00007fc66400a000 Uncommon trap: reason=unstable_if action=reinterpret pc=0x00007fc6554e33f8 method=java.util.HashMap$HashIterator.<init>(Ljava/util/HashMap;)V @ 45

Internal exceptions (10 events):
Event: 0.116 Thread 0x00007fc66400a000 Exception <a 'java/security/PrivilegedActionException'> (0x000000076deafb90) thrown at [/build/openjdk-8-ugc2Ph/openjdk-8-8u131-b11/src/hotspot/src/share/vm/prims/jvm.cpp, line 1390]
Event: 0.116 Thread 0x00007fc66400a000 Exception <a 'java/security/PrivilegedActionException'> (0x000000076deafda0) thrown at [/build/openjdk-8-ugc2Ph/openjdk-8-8u131-b11/src/hotspot/src/share/vm/prims/jvm.cpp, line 1390]
Event: 0.116 Thread 0x00007fc66400a000 Exception <a 'java/security/PrivilegedActionException'> (0x000000076deb1e28) thrown at [/build/openjdk-8-ugc2Ph/openjdk-8-8u131-b11/src/hotspot/src/share/vm/prims/jvm.cpp, line 1390]
Event: 0.116 Thread 0x00007fc66400a000 Exception <a 'java/security/PrivilegedActionException'> (0x000000076deb2038) thrown at [/build/openjdk-8-ugc2Ph/openjdk-8-8u131-b11/src/hotspot/src/share/vm/prims/jvm.cpp, line 1390]
Event: 0.116 Thread 0x00007fc66400a000 Exception <a 'java/security/PrivilegedActionException'> (0x000000076deb2b10) thrown at [/build/openjdk-8-ugc2Ph/openjdk-8-8u131-b11/src/hotspot/src/share/vm/prims/jvm.cpp, line 1390]
Event: 0.116 Thread 0x00007fc66400a000 Exception <a 'java/security/PrivilegedActionException'> (0x000000076deb2d20) thrown at [/build/openjdk-8-ugc2Ph/openjdk-8-8u131-b11/src/hotspot/src/share/vm/prims/jvm.cpp, line 1390]
Event: 0.120 Thread 0x00007fc66400a000 Exception <a 'java/lang/NoClassDefFoundError': org/apache/log4j/Priority> (0x000000076dee13f0) thrown at [/build/openjdk-8-ugc2Ph/openjdk-8-8u131-b11/src/hotspot/src/share/vm/classfile/systemDictionary.cpp, line 199]
Event: 1.133 Thread 0x00007fc66400a000 Implicit null exception at 0x00007fc6552d415a to 0x00007fc6552d44f9
Event: 1.133 Thread 0x00007fc66400a000 Implicit null exception at 0x00007fc65550ca9b to 0x00007fc65550d54d
Event: 1.133 Thread 0x00007fc66400a000 Implicit null exception at 0x00007fc65538b4b5 to 0x00007fc65538b83d

Events (10 events):
Event: 1.147 loading class java/lang/reflect/Proxy
Event: 1.148 loading class java/lang/reflect/Proxy done
Event: 1.173 Thread 0x00007fc66400a000 Uncommon trap: trap_request=0xffffff65 fr.pc=0x00007fc65560b934
Event: 1.173 Thread 0x00007fc66400a000 DEOPT PACKING pc=0x00007fc65560b934 sp=0x00007fc66e333090
Event: 1.173 Thread 0x00007fc66400a000 DEOPT UNPACKING pc=0x00007fc655004f69 sp=0x00007fc66e333020 mode 2
Event: 1.191 Thread 0x00007fc66400a000 Uncommon trap: trap_request=0xffffff65 fr.pc=0x00007fc6554e33f8
Event: 1.191 Thread 0x00007fc66400a000 DEOPT PACKING pc=0x00007fc6554e33f8 sp=0x00007fc66e333420
Event: 1.191 Thread 0x00007fc66400a000 DEOPT UNPACKING pc=0x00007fc655004f69 sp=0x00007fc66e3333e0 mode 2
Event: 1.196 loading class com/google/common/collect/ImmutableList
Event: 1.196 loading class com/google/common/collect/ImmutableList done


Dynamic libraries:
6c9200000-6d3780000 rw-p 00000000 00:00 0 
6d3780000-76db80000 ---p 00000000 00:00 0 
76db80000-772e00000 rw-p 00000000 00:00 0 
772e00000-7c0000000 ---p 00000000 00:00 0 
7c0000000-7c0180000 rw-p 00000000 00:00 0 
7c0180000-800000000 ---p 00000000 00:00 0 
55c7039bf000-55c7039c0000 r-xp 00000000 fd:00 2630290                    /usr/lib/jvm/java-8-openjdk-amd64/jre/bin/java
55c703bbf000-55c703bc0000 r--p 00000000 fd:00 2630290                    /usr/lib/jvm/java-8-openjdk-amd64/jre/bin/java
55c703bc0000-55c703bc1000 rw-p 00001000 fd:00 2630290                    /usr/lib/jvm/java-8-openjdk-amd64/jre/bin/java
55c7051ff000-55c705220000 rw-p 00000000 00:00 0                          [heap]
7fc5ec000000-7fc5ec021000 rw-p 00000000 00:00 0 
7fc5ec021000-7fc5f0000000 ---p 00000000 00:00 0 
7fc5f4000000-7fc5f479c000 rw-p 00000000 00:00 0 
7fc5f479c000-7fc5f8000000 ---p 00000000 00:00 0 
7fc5f8000000-7fc5f8021000 rw-p 00000000 00:00 0 
7fc5f8021000-7fc5fc000000 ---p 00000000 00:00 0 
7fc5fc000000-7fc5fc62e000 rw-p 00000000 00:00 0 
7fc5fc62e000-7fc600000000 ---p 00000000 00:00 0 
7fc600000000-7fc60064a000 rw-p 00000000 00:00 0 
7fc60064a000-7fc604000000 ---p 00000000 00:00 0 
7fc604000000-7fc604021000 rw-p 00000000 00:00 0 
7fc604021000-7fc608000000 ---p 00000000 00:00 0 
7fc608000000-7fc608684000 rw-p 00000000 00:00 0 
7fc608684000-7fc60c000000 ---p 00000000 00:00 0 
7fc60c000000-7fc60c021000 rw-p 00000000 00:00 0 
7fc60c021000-7fc610000000 ---p 00000000 00:00 0 
7fc610000000-7fc610021000 rw-p 00000000 00:00 0 
7fc610021000-7fc614000000 ---p 00000000 00:00 0 
7fc614000000-7fc614021000 rw-p 00000000 00:00 0 
7fc614021000-7fc618000000 ---p 00000000 00:00 0 
7fc618490000-7fc620000000 rw-p 00000000 00:00 0 
7fc620000000-7fc620021000 rw-p 00000000 00:00 0 
7fc620021000-7fc624000000 ---p 00000000 00:00 0 
7fc624000000-7fc624021000 rw-p 00000000 00:00 0 
7fc624021000-7fc628000000 ---p 00000000 00:00 0 
7fc628000000-7fc628021000 rw-p 00000000 00:00 0 
7fc628021000-7fc62c000000 ---p 00000000 00:00 0 
7fc630000000-7fc630021000 rw-p 00000000 00:00 0 
7fc630021000-7fc634000000 ---p 00000000 00:00 0 
7fc638000000-7fc638021000 rw-p 00000000 00:00 0 
7fc638021000-7fc63c000000 ---p 00000000 00:00 0 
7fc640000000-7fc640021000 rw-p 00000000 00:00 0 
7fc640021000-7fc644000000 ---p 00000000 00:00 0 
7fc648000000-7fc648021000 rw-p 00000000 00:00 0 
7fc648021000-7fc64c000000 ---p 00000000 00:00 0 
7fc64dfe9000-7fc64e1e9000 rw-p 00000000 00:00 0 
7fc64e1e9000-7fc64e200000 r-xp 00000000 fd:00 2630910                    /usr/lib/jvm/java-8-openjdk-amd64/jre/lib/amd64/libnet.so
7fc64e200000-7fc64e3ff000 ---p 00017000 fd:00 2630910                    /usr/lib/jvm/java-8-openjdk-amd64/jre/lib/amd64/libnet.so
7fc64e3ff000-7fc64e400000 r--p 00016000 fd:00 2630910                    /usr/lib/jvm/java-8-openjdk-amd64/jre/lib/amd64/libnet.so
7fc64e400000-7fc64e401000 rw-p 00017000 fd:00 2630910                    /usr/lib/jvm/java-8-openjdk-amd64/jre/lib/amd64/libnet.so
7fc64e401000-7fc64e412000 r-xp 00000000 fd:00 2630911                    /usr/lib/jvm/java-8-openjdk-amd64/jre/lib/amd64/libnio.so
7fc64e412000-7fc64e612000 ---p 00011000 fd:00 2630911                    /usr/lib/jvm/java-8-openjdk-amd64/jre/lib/amd64/libnio.so
7fc64e612000-7fc64e613000 r--p 00011000 fd:00 2630911                    /usr/lib/jvm/java-8-openjdk-amd64/jre/lib/amd64/libnio.so
7fc64e613000-7fc64e614000 rw-p 00012000 fd:00 2630911                    /usr/lib/jvm/java-8-openjdk-amd64/jre/lib/amd64/libnio.so
7fc64e614000-7fc64e810000 r--s 01b00000 08:11 44698280                   /home/ben/dev/apex-scan/git-pmd/pdf-generator/target/pdf-generator-3.8-jar-with-dependencies.jar
7fc64e810000-7fc64e811000 ---p 00000000 00:00 0 
7fc64e811000-7fc64e911000 rw-p 00000000 00:00 0 
7fc64e911000-7fc64e914000 ---p 00000000 00:00 0 
7fc64e914000-7fc64ea12000 rw-p 00000000 00:00 0 
7fc64ea12000-7fc64ea15000 ---p 00000000 00:00 0 
7fc64ea15000-7fc64eb13000 rw-p 00000000 00:00 0 
7fc64eb13000-7fc64eb16000 ---p 00000000 00:00 0 
7fc64eb16000-7fc64ec14000 rw-p 00000000 00:00 0 
7fc64ec14000-7fc64ec17000 ---p 00000000 00:00 0 
7fc64ec17000-7fc64ed15000 rw-p 00000000 00:00 0 
7fc64ed15000-7fc64ed18000 ---p 00000000 00:00 0 
7fc64ed18000-7fc64ee16000 rw-p 00000000 00:00 0 
7fc64ee16000-7fc64ee19000 ---p 00000000 00:00 0 
7fc64ee19000-7fc64ef17000 rw-p 00000000 00:00 0 
7fc64ef17000-7fc64f1f2000 r--p 00000000 fd:00 2496006                    /usr/lib/locale/locale-archive
7fc64f1f2000-7fc64f1f5000 ---p 00000000 00:00 0 
7fc64f1f5000-7fc64f2f3000 rw-p 00000000 00:00 0 
7fc64f2f3000-7fc64f2f6000 ---p 00000000 00:00 0 
7fc64f2f6000-7fc64f3f4000 rw-p 00000000 00:00 0 
7fc64f3f4000-7fc64f3f5000 ---p 00000000 00:00 0 
7fc64f3f5000-7fc650000000 rw-p 00000000 00:00 0 
7fc650000000-7fc650021000 rw-p 00000000 00:00 0 
7fc650021000-7fc654000000 ---p 00000000 00:00 0 
7fc6540f1000-7fc655000000 rw-p 00000000 00:00 0 
7fc655000000-7fc655680000 rwxp 00000000 00:00 0 
7fc655680000-7fc664000000 ---p 00000000 00:00 0 
7fc664000000-7fc6647ba000 rw-p 00000000 00:00 0 
7fc6647ba000-7fc668000000 ---p 00000000 00:00 0 
7fc6680aa000-7fc6680c5000 r--s 001d6000 fd:00 2630937                    /usr/lib/jvm/java-8-openjdk-amd64/jre/lib/ext/nashorn.jar
7fc6680c5000-7fc668214000 rw-p 00000000 00:00 0 
7fc668214000-7fc6683e2000 r--s 03c13000 fd:00 2630958                    /usr/lib/jvm/java-8-openjdk-amd64/jre/lib/rt.jar
7fc6683e2000-7fc66940f000 rw-p 00000000 00:00 0 
7fc66940f000-7fc669410000 ---p 00000000 00:00 0 
7fc669410000-7fc669510000 rw-p 00000000 00:00 0 
7fc669510000-7fc669511000 ---p 00000000 00:00 0 
7fc669511000-7fc669611000 rw-p 00000000 00:00 0 
7fc669611000-7fc669612000 ---p 00000000 00:00 0 
7fc669612000-7fc669712000 rw-p 00000000 00:00 0 
7fc669712000-7fc669713000 ---p 00000000 00:00 0 
7fc669713000-7fc669813000 rw-p 00000000 00:00 0 
7fc669813000-7fc669814000 ---p 00000000 00:00 0 
7fc669814000-7fc669914000 rw-p 00000000 00:00 0 
7fc669914000-7fc669915000 ---p 00000000 00:00 0 
7fc669915000-7fc669a15000 rw-p 00000000 00:00 0 
7fc669a15000-7fc669a16000 ---p 00000000 00:00 0 
7fc669a16000-7fc669b16000 rw-p 00000000 00:00 0 
7fc669b16000-7fc669b17000 ---p 00000000 00:00 0 
7fc669b17000-7fc669c6a000 rw-p 00000000 00:00 0 
7fc669c6a000-7fc66a13c000 ---p 00000000 00:00 0 
7fc66a13c000-7fc66a18f000 rw-p 00000000 00:00 0 
7fc66a18f000-7fc66a660000 ---p 00000000 00:00 0 
7fc66a660000-7fc66a68a000 rw-p 00000000 00:00 0 
7fc66a68a000-7fc66a8f3000 ---p 00000000 00:00 0 
7fc66a8f3000-7fc66a90e000 rw-p 00000000 00:00 0 
7fc66a90e000-7fc66acb4000 ---p 00000000 00:00 0 
7fc66acb4000-7fc66acbc000 r-xp 00000000 fd:00 2630918                    /usr/lib/jvm/java-8-openjdk-amd64/jre/lib/amd64/libzip.so
7fc66acbc000-7fc66aebb000 ---p 00008000 fd:00 2630918                    /usr/lib/jvm/java-8-openjdk-amd64/jre/lib/amd64/libzip.so
7fc66aebb000-7fc66aebc000 r--p 00007000 fd:00 2630918                    /usr/lib/jvm/java-8-openjdk-amd64/jre/lib/amd64/libzip.so
7fc66aebc000-7fc66aebd000 rw-p 00008000 fd:00 2630918                    /usr/lib/jvm/java-8-openjdk-amd64/jre/lib/amd64/libzip.so
7fc66aebd000-7fc66aec8000 r-xp 00000000 fd:00 13369863                   /lib/x86_64-linux-gnu/libnss_files-2.24.so
7fc66aec8000-7fc66b0c7000 ---p 0000b000 fd:00 13369863                   /lib/x86_64-linux-gnu/libnss_files-2.24.so
7fc66b0c7000-7fc66b0c8000 r--p 0000a000 fd:00 13369863                   /lib/x86_64-linux-gnu/libnss_files-2.24.so
7fc66b0c8000-7fc66b0c9000 rw-p 0000b000 fd:00 13369863                   /lib/x86_64-linux-gnu/libnss_files-2.24.so
7fc66b0c9000-7fc66b0cf000 rw-p 00000000 00:00 0 
7fc66b0cf000-7fc66b0da000 r-xp 00000000 fd:00 13369877                   /lib/x86_64-linux-gnu/libnss_nis-2.24.so
7fc66b0da000-7fc66b2d9000 ---p 0000b000 fd:00 13369877                   /lib/x86_64-linux-gnu/libnss_nis-2.24.so
7fc66b2d9000-7fc66b2da000 r--p 0000a000 fd:00 13369877                   /lib/x86_64-linux-gnu/libnss_nis-2.24.so
7fc66b2da000-7fc66b2db000 rw-p 0000b000 fd:00 13369877                   /lib/x86_64-linux-gnu/libnss_nis-2.24.so
7fc66b2db000-7fc66b2f1000 r-xp 00000000 fd:00 13369857                   /lib/x86_64-linux-gnu/libnsl-2.24.so
7fc66b2f1000-7fc66b4f0000 ---p 00016000 fd:00 13369857                   /lib/x86_64-linux-gnu/libnsl-2.24.so
7fc66b4f0000-7fc66b4f1000 r--p 00015000 fd:00 13369857                   /lib/x86_64-linux-gnu/libnsl-2.24.so
7fc66b4f1000-7fc66b4f2000 rw-p 00016000 fd:00 13369857                   /lib/x86_64-linux-gnu/libnsl-2.24.so
7fc66b4f2000-7fc66b4f4000 rw-p 00000000 00:00 0 
7fc66b4f4000-7fc66b4fc000 r-xp 00000000 fd:00 13369859                   /lib/x86_64-linux-gnu/libnss_compat-2.24.so
7fc66b4fc000-7fc66b6fb000 ---p 00008000 fd:00 13369859                   /lib/x86_64-linux-gnu/libnss_compat-2.24.so
7fc66b6fb000-7fc66b6fc000 r--p 00007000 fd:00 13369859                   /lib/x86_64-linux-gnu/libnss_compat-2.24.so
7fc66b6fc000-7fc66b6fd000 rw-p 00008000 fd:00 13369859                   /lib/x86_64-linux-gnu/libnss_compat-2.24.so
7fc66b6fd000-7fc66b72a000 r-xp 00000000 fd:00 2630899                    /usr/lib/jvm/java-8-openjdk-amd64/jre/lib/amd64/libjava.so
7fc66b72a000-7fc66b929000 ---p 0002d000 fd:00 2630899                    /usr/lib/jvm/java-8-openjdk-amd64/jre/lib/amd64/libjava.so
7fc66b929000-7fc66b92a000 r--p 0002c000 fd:00 2630899                    /usr/lib/jvm/java-8-openjdk-amd64/jre/lib/amd64/libjava.so
7fc66b92a000-7fc66b92c000 rw-p 0002d000 fd:00 2630899                    /usr/lib/jvm/java-8-openjdk-amd64/jre/lib/amd64/libjava.so
7fc66b92c000-7fc66b93b000 r-xp 00000000 fd:00 2630917                    /usr/lib/jvm/java-8-openjdk-amd64/jre/lib/amd64/libverify.so
7fc66b93b000-7fc66bb3b000 ---p 0000f000 fd:00 2630917                    /usr/lib/jvm/java-8-openjdk-amd64/jre/lib/amd64/libverify.so
7fc66bb3b000-7fc66bb3d000 r--p 0000f000 fd:00 2630917                    /usr/lib/jvm/java-8-openjdk-amd64/jre/lib/amd64/libverify.so
7fc66bb3d000-7fc66bb3e000 rw-p 00011000 fd:00 2630917                    /usr/lib/jvm/java-8-openjdk-amd64/jre/lib/amd64/libverify.so
7fc66bb3e000-7fc66bb45000 r-xp 00000000 fd:00 13370027                   /lib/x86_64-linux-gnu/librt-2.24.so
7fc66bb45000-7fc66bd44000 ---p 00007000 fd:00 13370027                   /lib/x86_64-linux-gnu/librt-2.24.so
7fc66bd44000-7fc66bd45000 r--p 00006000 fd:00 13370027                   /lib/x86_64-linux-gnu/librt-2.24.so
7fc66bd45000-7fc66bd46000 rw-p 00007000 fd:00 13370027                   /lib/x86_64-linux-gnu/librt-2.24.so
7fc66bd46000-7fc66bd5c000 r-xp 00000000 fd:00 13369544                   /lib/x86_64-linux-gnu/libgcc_s.so.1
7fc66bd5c000-7fc66bf5b000 ---p 00016000 fd:00 13369544                   /lib/x86_64-linux-gnu/libgcc_s.so.1
7fc66bf5b000-7fc66bf5c000 r--p 00015000 fd:00 13369544                   /lib/x86_64-linux-gnu/libgcc_s.so.1
7fc66bf5c000-7fc66bf5d000 rw-p 00016000 fd:00 13369544                   /lib/x86_64-linux-gnu/libgcc_s.so.1
7fc66bf5d000-7fc66c065000 r-xp 00000000 fd:00 13369826                   /lib/x86_64-linux-gnu/libm-2.24.so
7fc66c065000-7fc66c264000 ---p 00108000 fd:00 13369826                   /lib/x86_64-linux-gnu/libm-2.24.so
7fc66c264000-7fc66c265000 r--p 00107000 fd:00 13369826                   /lib/x86_64-linux-gnu/libm-2.24.so
7fc66c265000-7fc66c266000 rw-p 00108000 fd:00 13369826                   /lib/x86_64-linux-gnu/libm-2.24.so
7fc66c266000-7fc66c3df000 r-xp 00000000 fd:00 2505806                    /usr/lib/x86_64-linux-gnu/libstdc++.so.6.0.22
7fc66c3df000-7fc66c5de000 ---p 00179000 fd:00 2505806                    /usr/lib/x86_64-linux-gnu/libstdc++.so.6.0.22
7fc66c5de000-7fc66c5e8000 r--p 00178000 fd:00 2505806                    /usr/lib/x86_64-linux-gnu/libstdc++.so.6.0.22
7fc66c5e8000-7fc66c5ea000 rw-p 00182000 fd:00 2505806                    /usr/lib/x86_64-linux-gnu/libstdc++.so.6.0.22
7fc66c5ea000-7fc66c5ee000 rw-p 00000000 00:00 0 
7fc66c5ee000-7fc66d248000 r-xp 00000000 fd:00 2630920                    /usr/lib/jvm/java-8-openjdk-amd64/jre/lib/amd64/server/libjvm.so
7fc66d248000-7fc66d447000 ---p 00c5a000 fd:00 2630920                    /usr/lib/jvm/java-8-openjdk-amd64/jre/lib/amd64/server/libjvm.so
7fc66d447000-7fc66d4da000 r--p 00c59000 fd:00 2630920                    /usr/lib/jvm/java-8-openjdk-amd64/jre/lib/amd64/server/libjvm.so
7fc66d4da000-7fc66d503000 rw-p 00cec000 fd:00 2630920                    /usr/lib/jvm/java-8-openjdk-amd64/jre/lib/amd64/server/libjvm.so
7fc66d503000-7fc66d533000 rw-p 00000000 00:00 0 
7fc66d533000-7fc66d54b000 r-xp 00000000 fd:00 13369903                   /lib/x86_64-linux-gnu/libpthread-2.24.so
7fc66d54b000-7fc66d74b000 ---p 00018000 fd:00 13369903                   /lib/x86_64-linux-gnu/libpthread-2.24.so
7fc66d74b000-7fc66d74c000 r--p 00018000 fd:00 13369903                   /lib/x86_64-linux-gnu/libpthread-2.24.so
7fc66d74c000-7fc66d74d000 rw-p 00019000 fd:00 13369903                   /lib/x86_64-linux-gnu/libpthread-2.24.so
7fc66d74d000-7fc66d751000 rw-p 00000000 00:00 0 
7fc66d751000-7fc66d754000 r-xp 00000000 fd:00 13369790                   /lib/x86_64-linux-gnu/libdl-2.24.so
7fc66d754000-7fc66d953000 ---p 00003000 fd:00 13369790                   /lib/x86_64-linux-gnu/libdl-2.24.so
7fc66d953000-7fc66d954000 r--p 00002000 fd:00 13369790                   /lib/x86_64-linux-gnu/libdl-2.24.so
7fc66d954000-7fc66d955000 rw-p 00003000 fd:00 13369790                   /lib/x86_64-linux-gnu/libdl-2.24.so
7fc66d955000-7fc66d970000 r-xp 00000000 fd:00 13370353                   /lib/x86_64-linux-gnu/libz.so.1.2.11
7fc66d970000-7fc66db6f000 ---p 0001b000 fd:00 13370353                   /lib/x86_64-linux-gnu/libz.so.1.2.11
7fc66db6f000-7fc66db70000 r--p 0001a000 fd:00 13370353                   /lib/x86_64-linux-gnu/libz.so.1.2.11
7fc66db70000-7fc66db71000 rw-p 0001b000 fd:00 13370353                   /lib/x86_64-linux-gnu/libz.so.1.2.11
7fc66db71000-7fc66dd2f000 r-xp 00000000 fd:00 13369741                   /lib/x86_64-linux-gnu/libc-2.24.so
7fc66dd2f000-7fc66df2e000 ---p 001be000 fd:00 13369741                   /lib/x86_64-linux-gnu/libc-2.24.so
7fc66df2e000-7fc66df32000 r--p 001bd000 fd:00 13369741                   /lib/x86_64-linux-gnu/libc-2.24.so
7fc66df32000-7fc66df34000 rw-p 001c1000 fd:00 13369741                   /lib/x86_64-linux-gnu/libc-2.24.so
7fc66df34000-7fc66df38000 rw-p 00000000 00:00 0 
7fc66df38000-7fc66df45000 r-xp 00000000 fd:00 2630300                    /usr/lib/jvm/java-8-openjdk-amd64/jre/lib/amd64/jli/libjli.so
7fc66df45000-7fc66e145000 ---p 0000d000 fd:00 2630300                    /usr/lib/jvm/java-8-openjdk-amd64/jre/lib/amd64/jli/libjli.so
7fc66e145000-7fc66e146000 r--p 0000d000 fd:00 2630300                    /usr/lib/jvm/java-8-openjdk-amd64/jre/lib/amd64/jli/libjli.so
7fc66e146000-7fc66e147000 rw-p 0000e000 fd:00 2630300                    /usr/lib/jvm/java-8-openjdk-amd64/jre/lib/amd64/jli/libjli.so
7fc66e147000-7fc66e16d000 r-xp 00000000 fd:00 13369718                   /lib/x86_64-linux-gnu/ld-2.24.so
7fc66e170000-7fc66e18b000 r--s 00394000 fd:00 2630932                    /usr/lib/jvm/java-8-openjdk-amd64/jre/lib/ext/cldrdata.jar
7fc66e18b000-7fc66e234000 rw-p 00000000 00:00 0 
7fc66e234000-7fc66e237000 ---p 00000000 00:00 0 
7fc66e237000-7fc66e339000 rw-p 00000000 00:00 0 
7fc66e341000-7fc66e346000 r--s 0003b000 fd:00 2630939                    /usr/lib/jvm/java-8-openjdk-amd64/jre/lib/ext/sunjce_provider.jar
7fc66e346000-7fc66e348000 r--s 00008000 fd:00 2630938                    /usr/lib/jvm/java-8-openjdk-amd64/jre/lib/ext/sunec.jar
7fc66e348000-7fc66e34a000 r--s 00001000 fd:00 2630933                    /usr/lib/jvm/java-8-openjdk-amd64/jre/lib/ext/dnsns.jar
7fc66e34a000-7fc66e34d000 r--s 0000f000 fd:00 2630934                    /usr/lib/jvm/java-8-openjdk-amd64/jre/lib/ext/icedtea-sound.jar
7fc66e34d000-7fc66e34e000 r--s 00010000 fd:00 2630941                    /usr/lib/jvm/java-8-openjdk-amd64/jre/lib/ext/zipfs.jar
7fc66e34e000-7fc66e34f000 r--s 0000a000 fd:00 2630935                    /usr/lib/jvm/java-8-openjdk-amd64/jre/lib/ext/jaccess.jar
7fc66e34f000-7fc66e353000 r--s 00037000 fd:00 2630940                    /usr/lib/jvm/java-8-openjdk-amd64/jre/lib/ext/sunpkcs11.jar
7fc66e353000-7fc66e355000 r--s 00007000 fd:00 2887233                    /usr/share/java/java-atk-wrapper.jar
7fc66e355000-7fc66e35f000 r--s 00116000 fd:00 2630936                    /usr/lib/jvm/java-8-openjdk-amd64/jre/lib/ext/localedata.jar
7fc66e35f000-7fc66e367000 rw-s 00000000 fd:00 1837715                    /tmp/hsperfdata_ben/23616
7fc66e367000-7fc66e368000 rw-p 00000000 00:00 0 
7fc66e368000-7fc66e369000 r--p 00000000 00:00 0 
7fc66e369000-7fc66e36c000 rw-p 00000000 00:00 0 
7fc66e36c000-7fc66e36d000 r--p 00025000 fd:00 13369718                   /lib/x86_64-linux-gnu/ld-2.24.so
7fc66e36d000-7fc66e36e000 rw-p 00026000 fd:00 13369718                   /lib/x86_64-linux-gnu/ld-2.24.so
7fc66e36e000-7fc66e36f000 rw-p 00000000 00:00 0 
7ffd8d94b000-7ffd8d96c000 rw-p 00000000 00:00 0                          [stack]
7ffd8d9cd000-7ffd8d9cf000 r--p 00000000 00:00 0                          [vvar]
7ffd8d9cf000-7ffd8d9d1000 r-xp 00000000 00:00 0                          [vdso]
ffffffffff600000-ffffffffff601000 r-xp 00000000 00:00 0                  [vsyscall]

VM Arguments:
java_command: ../../../pdf-generator/target/pdf-generator-3.8-jar-with-dependencies.jar
java_class_path (initial): ../../../pdf-generator/target/pdf-generator-3.8-jar-with-dependencies.jar
Launcher Type: SUN_STANDARD

Environment Variables:
PATH=/home/ben/.dnx/runtimes/dnx-mono.1.0.0-rc1-update1/bin:/home/ben/.dnx/bin:/usr/local/heroku/bin:/home/ben/bin:/usr/local/sbin:/usr/local/bin:/usr/sbin:/usr/bin:/sbin:/bin:/usr/games:/usr/local/games:/snap/bin:/home/ben/.local/bin:/home/ben/bin/gopath/bin:/home/ben/bin/golang/bin:/home/ben/dev/tvpage/tvads/kubernetes/kubernetes/cluster
USERNAME=ben
SHELL=/bin/bash
DISPLAY=:1

Signal Handlers:
SIGSEGV: [libjvm.so+0xa70490], sa_mask[0]=11111111011111111101111111111110, sa_flags=SA_RESTART|SA_SIGINFO
SIGBUS: [libjvm.so+0xa70490], sa_mask[0]=11111111011111111101111111111110, sa_flags=SA_RESTART|SA_SIGINFO
SIGFPE: [libjvm.so+0x8b9fc0], sa_mask[0]=11111111011111111101111111111110, sa_flags=SA_RESTART|SA_SIGINFO
SIGPIPE: [libjvm.so+0x8b9fc0], sa_mask[0]=11111111011111111101111111111110, sa_flags=SA_RESTART|SA_SIGINFO
SIGXFSZ: [libjvm.so+0x8b9fc0], sa_mask[0]=11111111011111111101111111111110, sa_flags=SA_RESTART|SA_SIGINFO
SIGILL: [libjvm.so+0x8b9fc0], sa_mask[0]=11111111011111111101111111111110, sa_flags=SA_RESTART|SA_SIGINFO
SIGUSR1: SIG_DFL, sa_mask[0]=00000000000000000000000000000000, sa_flags=none
SIGUSR2: [libjvm.so+0x8b9e70], sa_mask[0]=00000000000000000000000000000000, sa_flags=SA_RESTART|SA_SIGINFO
SIGHUP: [libjvm.so+0x8ba320], sa_mask[0]=11111111011111111101111111111110, sa_flags=SA_RESTART|SA_SIGINFO
SIGINT: [libjvm.so+0x8ba320], sa_mask[0]=11111111011111111101111111111110, sa_flags=SA_RESTART|SA_SIGINFO
SIGTERM: [libjvm.so+0x8ba320], sa_mask[0]=11111111011111111101111111111110, sa_flags=SA_RESTART|SA_SIGINFO
SIGQUIT: [libjvm.so+0x8ba320], sa_mask[0]=11111111011111111101111111111110, sa_flags=SA_RESTART|SA_SIGINFO


---------------  S Y S T E M  ---------------

OS:DISTRIB_ID=Ubuntu
DISTRIB_RELEASE=17.04
DISTRIB_CODENAME=zesty
DISTRIB_DESCRIPTION="Ubuntu 17.04"

uname:Linux 4.10.0-30-generic #34-Ubuntu SMP Mon Jul 31 19:38:17 UTC 2017 x86_64
libc:glibc 2.24 NPTL 2.24 
rlimit: STACK 8192k, CORE 0k, NPROC 62644, NOFILE 4096, AS infinity
load average:3.11 2.11 1.28

/proc/meminfo:
MemTotal:       16177628 kB
MemFree:          982512 kB
MemAvailable:    9193980 kB
Buffers:         1911612 kB
Cached:          5853676 kB
SwapCached:          156 kB
Active:         10599380 kB
Inactive:        3121000 kB
Active(anon):    5090464 kB
Inactive(anon):  1065332 kB
Active(file):    5508916 kB
Inactive(file):  2055668 kB
Unevictable:         128 kB
Mlocked:             128 kB
SwapTotal:      16523260 kB
SwapFree:       16519964 kB
Dirty:               944 kB
Writeback:             0 kB
AnonPages:       5753696 kB
Mapped:           869760 kB
Shmem:            200968 kB
Slab:            1151340 kB
SReclaimable:     988016 kB
SUnreclaim:       163324 kB
KernelStack:       25056 kB
PageTables:        98092 kB
NFS_Unstable:          0 kB
Bounce:                0 kB
WritebackTmp:          0 kB
CommitLimit:    24612072 kB
Committed_AS:   18725608 kB
VmallocTotal:   34359738367 kB
VmallocUsed:           0 kB
VmallocChunk:          0 kB
HardwareCorrupted:     0 kB
AnonHugePages:   1460224 kB
ShmemHugePages:        0 kB
ShmemPmdMapped:        0 kB
CmaTotal:              0 kB
CmaFree:               0 kB
HugePages_Total:       0
HugePages_Free:        0
HugePages_Rsvd:        0
HugePages_Surp:        0
Hugepagesize:       2048 kB
DirectMap4k:     1195384 kB
DirectMap2M:    15329280 kB
DirectMap1G:           0 kB


CPU:total 8 (initial active 8) (4 cores per cpu, 2 threads per core) family 6 model 60 stepping 3, cmov, cx8, fxsr, mmx, sse, sse2, sse3, ssse3, sse4.1, sse4.2, popcnt, avx, avx2, aes, clmul, erms, lzcnt, ht, tsc, tscinvbit, bmi1, bmi2

/proc/cpuinfo:
processor	: 0
vendor_id	: GenuineIntel
cpu family	: 6
model		: 60
model name	: Intel(R) Xeon(R) CPU E3-1240 v3 @ 3.40GHz
stepping	: 3
microcode	: 0x22
cpu MHz		: 3599.841
cache size	: 8192 KB
physical id	: 0
siblings	: 8
core id		: 0
cpu cores	: 4
apicid		: 0
initial apicid	: 0
fpu		: yes
fpu_exception	: yes
cpuid level	: 13
wp		: yes
flags		: fpu vme de pse tsc msr pae mce cx8 apic sep mtrr pge mca cmov pat pse36 clflush dts acpi mmx fxsr sse sse2 ss ht tm pbe syscall nx pdpe1gb rdtscp lm constant_tsc arch_perfmon pebs bts rep_good nopl xtopology nonstop_tsc aperfmperf pni pclmulqdq dtes64 monitor ds_cpl vmx smx est tm2 ssse3 sdbg fma cx16 xtpr pdcm pcid sse4_1 sse4_2 x2apic movbe popcnt tsc_deadline_timer aes xsave avx f16c rdrand lahf_lm abm epb tpr_shadow vnmi flexpriority ept vpid fsgsbase tsc_adjust bmi1 avx2 smep bmi2 erms invpcid xsaveopt dtherm ida arat pln pts
bugs		:
bogomips	: 6784.51
clflush size	: 64
cache_alignment	: 64
address sizes	: 39 bits physical, 48 bits virtual
power management:

processor	: 1
vendor_id	: GenuineIntel
cpu family	: 6
model		: 60
model name	: Intel(R) Xeon(R) CPU E3-1240 v3 @ 3.40GHz
stepping	: 3
microcode	: 0x22
cpu MHz		: 3599.841
cache size	: 8192 KB
physical id	: 0
siblings	: 8
core id		: 1
cpu cores	: 4
apicid		: 2
initial apicid	: 2
fpu		: yes
fpu_exception	: yes
cpuid level	: 13
wp		: yes
flags		: fpu vme de pse tsc msr pae mce cx8 apic sep mtrr pge mca cmov pat pse36 clflush dts acpi mmx fxsr sse sse2 ss ht tm pbe syscall nx pdpe1gb rdtscp lm constant_tsc arch_perfmon pebs bts rep_good nopl xtopology nonstop_tsc aperfmperf pni pclmulqdq dtes64 monitor ds_cpl vmx smx est tm2 ssse3 sdbg fma cx16 xtpr pdcm pcid sse4_1 sse4_2 x2apic movbe popcnt tsc_deadline_timer aes xsave avx f16c rdrand lahf_lm abm epb tpr_shadow vnmi flexpriority ept vpid fsgsbase tsc_adjust bmi1 avx2 smep bmi2 erms invpcid xsaveopt dtherm ida arat pln pts
bugs		:
bogomips	: 6784.51
clflush size	: 64
cache_alignment	: 64
address sizes	: 39 bits physical, 48 bits virtual
power management:

processor	: 2
vendor_id	: GenuineIntel
cpu family	: 6
model		: 60
model name	: Intel(R) Xeon(R) CPU E3-1240 v3 @ 3.40GHz
stepping	: 3
microcode	: 0x22
cpu MHz		: 3600.048
cache size	: 8192 KB
physical id	: 0
siblings	: 8
core id		: 2
cpu cores	: 4
apicid		: 4
initial apicid	: 4
fpu		: yes
fpu_exception	: yes
cpuid level	: 13
wp		: yes
flags		: fpu vme de pse tsc msr pae mce cx8 apic sep mtrr pge mca cmov pat pse36 clflush dts acpi mmx fxsr sse sse2 ss ht tm pbe syscall nx pdpe1gb rdtscp lm constant_tsc arch_perfmon pebs bts rep_good nopl xtopology nonstop_tsc aperfmperf pni pclmulqdq dtes64 monitor ds_cpl vmx smx est tm2 ssse3 sdbg fma cx16 xtpr pdcm pcid sse4_1 sse4_2 x2apic movbe popcnt tsc_deadline_timer aes xsave avx f16c rdrand lahf_lm abm epb tpr_shadow vnmi flexpriority ept vpid fsgsbase tsc_adjust bmi1 avx2 smep bmi2 erms invpcid xsaveopt dtherm ida arat pln pts
bugs		:
bogomips	: 6784.51
clflush size	: 64
cache_alignment	: 64
address sizes	: 39 bits physical, 48 bits virtual
power management:

processor	: 3
vendor_id	: GenuineIntel
cpu family	: 6
model		: 60
model name	: Intel(R) Xeon(R) CPU E3-1240 v3 @ 3.40GHz
stepping	: 3
microcode	: 0x22
cpu MHz		: 3599.841
cache size	: 8192 KB
physical id	: 0
siblings	: 8
core id		: 3
cpu cores	: 4
apicid		: 6
initial apicid	: 6
fpu		: yes
fpu_exception	: yes
cpuid level	: 13
wp		: yes
flags		: fpu vme de pse tsc msr pae mce cx8 apic sep mtrr pge mca cmov pat pse36 clflush dts acpi mmx fxsr sse sse2 ss ht tm pbe syscall nx pdpe1gb rdtscp lm constant_tsc arch_perfmon pebs bts rep_good nopl xtopology nonstop_tsc aperfmperf pni pclmulqdq dtes64 monitor ds_cpl vmx smx est tm2 ssse3 sdbg fma cx16 xtpr pdcm pcid sse4_1 sse4_2 x2apic movbe popcnt tsc_deadline_timer aes xsave avx f16c rdrand lahf_lm abm epb tpr_shadow vnmi flexpriority ept vpid fsgsbase tsc_adjust bmi1 avx2 smep bmi2 erms invpcid xsaveopt dtherm ida arat pln pts
bugs		:
bogomips	: 6784.51
clflush size	: 64
cache_alignment	: 64
address sizes	: 39 bits physical, 48 bits virtual
power management:

processor	: 4
vendor_id	: GenuineIntel
cpu family	: 6
model		: 60
model name	: Intel(R) Xeon(R) CPU E3-1240 v3 @ 3.40GHz
stepping	: 3
microcode	: 0x22
cpu MHz		: 3599.841
cache size	: 8192 KB
physical id	: 0
siblings	: 8
core id		: 0
cpu cores	: 4
apicid		: 1
initial apicid	: 1
fpu		: yes
fpu_exception	: yes
cpuid level	: 13
wp		: yes
flags		: fpu vme de pse tsc msr pae mce cx8 apic sep mtrr pge mca cmov pat pse36 clflush dts acpi mmx fxsr sse sse2 ss ht tm pbe syscall nx pdpe1gb rdtscp lm constant_tsc arch_perfmon pebs bts rep_good nopl xtopology nonstop_tsc aperfmperf pni pclmulqdq dtes64 monitor ds_cpl vmx smx est tm2 ssse3 sdbg fma cx16 xtpr pdcm pcid sse4_1 sse4_2 x2apic movbe popcnt tsc_deadline_timer aes xsave avx f16c rdrand lahf_lm abm epb tpr_shadow vnmi flexpriority ept vpid fsgsbase tsc_adjust bmi1 avx2 smep bmi2 erms invpcid xsaveopt dtherm ida arat pln pts
bugs		:
bogomips	: 6784.51
clflush size	: 64
cache_alignment	: 64
address sizes	: 39 bits physical, 48 bits virtual
power management:

processor	: 5
vendor_id	: GenuineIntel
cpu family	: 6
model		: 60
model name	: Intel(R) Xeon(R) CPU E3-1240 v3 @ 3.40GHz
stepping	: 3
microcode	: 0x22
cpu MHz		: 3599.841
cache size	: 8192 KB
physical id	: 0
siblings	: 8
core id		: 1
cpu cores	: 4
apicid		: 3
initial apicid	: 3
fpu		: yes
fpu_exception	: yes
cpuid level	: 13
wp		: yes
flags		: fpu vme de pse tsc msr pae mce cx8 apic sep mtrr pge mca cmov pat pse36 clflush dts acpi mmx fxsr sse sse2 ss ht tm pbe syscall nx pdpe1gb rdtscp lm constant_tsc arch_perfmon pebs bts rep_good nopl xtopology nonstop_tsc aperfmperf pni pclmulqdq dtes64 monitor ds_cpl vmx smx est tm2 ssse3 sdbg fma cx16 xtpr pdcm pcid sse4_1 sse4_2 x2apic movbe popcnt tsc_deadline_timer aes xsave avx f16c rdrand lahf_lm abm epb tpr_shadow vnmi flexpriority ept vpid fsgsbase tsc_adjust bmi1 avx2 smep bmi2 erms invpcid xsaveopt dtherm ida arat pln pts
bugs		:
bogomips	: 6784.51
clflush size	: 64
cache_alignment	: 64
address sizes	: 39 bits physical, 48 bits virtual
power management:

processor	: 6
vendor_id	: GenuineIntel
cpu family	: 6
model		: 60
model name	: Intel(R) Xeon(R) CPU E3-1240 v3 @ 3.40GHz
stepping	: 3
microcode	: 0x22
cpu MHz		: 3599.841
cache size	: 8192 KB
physical id	: 0
siblings	: 8
core id		: 2
cpu cores	: 4
apicid		: 5
initial apicid	: 5
fpu		: yes
fpu_exception	: yes
cpuid level	: 13
wp		: yes
flags		: fpu vme de pse tsc msr pae mce cx8 apic sep mtrr pge mca cmov pat pse36 clflush dts acpi mmx fxsr sse sse2 ss ht tm pbe syscall nx pdpe1gb rdtscp lm constant_tsc arch_perfmon pebs bts rep_good nopl xtopology nonstop_tsc aperfmperf pni pclmulqdq dtes64 monitor ds_cpl vmx smx est tm2 ssse3 sdbg fma cx16 xtpr pdcm pcid sse4_1 sse4_2 x2apic movbe popcnt tsc_deadline_timer aes xsave avx f16c rdrand lahf_lm abm epb tpr_shadow vnmi flexpriority ept vpid fsgsbase tsc_adjust bmi1 avx2 smep bmi2 erms invpcid xsaveopt dtherm ida arat pln pts
bugs		:
bogomips	: 6784.51
clflush size	: 64
cache_alignment	: 64
address sizes	: 39 bits physical, 48 bits virtual
power management:

processor	: 7
vendor_id	: GenuineIntel
cpu family	: 6
model		: 60
model name	: Intel(R) Xeon(R) CPU E3-1240 v3 @ 3.40GHz
stepping	: 3
microcode	: 0x22
cpu MHz		: 3599.841
cache size	: 8192 KB
physical id	: 0
siblings	: 8
core id		: 3
cpu cores	: 4
apicid		: 7
initial apicid	: 7
fpu		: yes
fpu_exception	: yes
cpuid level	: 13
wp		: yes
flags		: fpu vme de pse tsc msr pae mce cx8 apic sep mtrr pge mca cmov pat pse36 clflush dts acpi mmx fxsr sse sse2 ss ht tm pbe syscall nx pdpe1gb rdtscp lm constant_tsc arch_perfmon pebs bts rep_good nopl xtopology nonstop_tsc aperfmperf pni pclmulqdq dtes64 monitor ds_cpl vmx smx est tm2 ssse3 sdbg fma cx16 xtpr pdcm pcid sse4_1 sse4_2 x2apic movbe popcnt tsc_deadline_timer aes xsave avx f16c rdrand lahf_lm abm epb tpr_shadow vnmi flexpriority ept vpid fsgsbase tsc_adjust bmi1 avx2 smep bmi2 erms invpcid xsaveopt dtherm ida arat pln pts
bugs		:
bogomips	: 6784.51
clflush size	: 64
cache_alignment	: 64
address sizes	: 39 bits physical, 48 bits virtual
power management:



Memory: 4k page, physical 16177628k(982512k free), swap 16523260k(16519964k free)

vm_info: OpenJDK 64-Bit Server VM (25.131-b11) for linux-amd64 JRE (1.8.0_131-8u131-b11-2ubuntu1.17.04.3-b11), built on Jul 27 2017 21:26:44 by "buildd" with gcc 6.3.0 20170406

time: Thu Oct 19 11:17:14 2017
elapsed time: 1 seconds (0d 0h 0m 1s)

