#
# There is insufficient memory for the Java Runtime Environment to continue.
# Native memory allocation (mmap) failed to map 365953024 bytes for committing reserved memory.
# Possible reasons:
#   The system is out of physical RAM or swap space
#   In 32 bit mode, the process size limit was hit
# Possible solutions:
#   Reduce memory load on the system
#   Increase physical memory or swap space
#   Check if swap backing store is full
#   Use 64 bit Java on a 64 bit OS
#   Decrease Java heap size (-Xmx/-Xms)
#   Decrease number of Java threads
#   Decrease Java thread stack sizes (-Xss)
#   Set larger code cache with -XX:ReservedCodeCacheSize=
# This output file may be truncated or incomplete.
#
#  Out of Memory Error (os_linux.cpp:2643), pid=24324, tid=0x00007f4078cfc700
#
# JRE version: OpenJDK Runtime Environment (8.0_171-b11) (build 1.8.0_171-8u171-b11-0ubuntu0.18.04.1-b11)
# Java VM: OpenJDK 64-Bit Server VM (25.171-b11 mixed mode linux-amd64 compressed oops)
# Failed to write core dump. Core dumps have been disabled. To enable core dumping, try "ulimit -c unlimited" before starting Java again
#

---------------  T H R E A D  ---------------

Current thread (0x00007f4088079000):  VMThread [stack: 0x00007f4078bfd000,0x00007f4078cfd000] [id=24349]

Stack: [0x00007f4078bfd000,0x00007f4078cfd000],  sp=0x00007f4078cfb440,  free space=1017k
Native frames: (J=compiled Java code, j=interpreted, Vv=VM code, C=native code)
V  [libjvm.so+0xaab382]
V  [libjvm.so+0x4d79a7]
V  [libjvm.so+0x8e66c0]
V  [libjvm.so+0x8e0c1e]
V  [libjvm.so+0x961436]
V  [libjvm.so+0x9500aa]
V  [libjvm.so+0x950278]
V  [libjvm.so+0x950e80]
V  [libjvm.so+0x95721c]
V  [libjvm.so+0x95f305]
V  [libjvm.so+0x90d978]
V  [libjvm.so+0xaad042]
V  [libjvm.so+0xab1c26]
V  [libjvm.so+0xaafec5]
V  [libjvm.so+0xab083d]
V  [libjvm.so+0xab0c17]
V  [libjvm.so+0x8e3b12]

VM_Operation (0x00007f40920d0d80): ParallelGCFailedAllocation, mode: safepoint, requested by thread 0x00007f408800b000


---------------  P R O C E S S  ---------------

Java Threads: ( => current thread )
  0x00007f40887c9800 JavaThread "CLEANUP_MANAGER" [_thread_blocked, id=24368, stack(0x00007f406a42d000,0x00007f406a52e000)]
  0x00007f40883ac800 JavaThread "CHECKPOINT_WRITER" [_thread_blocked, id=24367, stack(0x00007f406a52e000,0x00007f406a62f000)]
  0x00007f40887c1000 JavaThread "TXN_UPDATE" [_thread_blocked, id=24366, stack(0x00007f406a62f000,0x00007f406a730000)]
  0x00007f40887b1000 JavaThread "PAGE_WRITER:8192" [_thread_blocked, id=24365, stack(0x00007f406a730000,0x00007f406a831000)]
  0x00007f40887af800 JavaThread "JOURNAL_FLUSHER" [_thread_blocked, id=24364, stack(0x00007f406a831000,0x00007f406a932000)]
  0x00007f40887ae800 JavaThread "JOURNAL_COPIER" [_thread_blocked, id=24363, stack(0x00007f406a932000,0x00007f406aa33000)]
  0x00007f4088788000 JavaThread "LOG_FLUSHER" daemon [_thread_blocked, id=24362, stack(0x00007f406aa33000,0x00007f406ab34000)]
  0x00007f4088719800 JavaThread "Okio Watchdog" daemon [_thread_blocked, id=24361, stack(0x00007f406af3e000,0x00007f406b03f000)]
  0x00007f4088717800 JavaThread "OkHttp ConnectionPool" daemon [_thread_blocked, id=24360, stack(0x00007f406b03f000,0x00007f406b140000)]
  0x00007f40880c8800 JavaThread "Service Thread" daemon [_thread_blocked, id=24356, stack(0x00007f4078217000,0x00007f4078318000)]
  0x00007f40880bd800 JavaThread "C1 CompilerThread2" daemon [_thread_blocked, id=24355, stack(0x00007f4078319000,0x00007f4078419000)]
  0x00007f40880bb800 JavaThread "C2 CompilerThread1" daemon [_thread_blocked, id=24354, stack(0x00007f407841a000,0x00007f407851a000)]
  0x00007f40880b8800 JavaThread "C2 CompilerThread0" daemon [_thread_blocked, id=24353, stack(0x00007f407851b000,0x00007f407861b000)]
  0x00007f40880b7000 JavaThread "Signal Dispatcher" daemon [_thread_blocked, id=24352, stack(0x00007f407861b000,0x00007f407871c000)]
  0x00007f4088085000 JavaThread "Finalizer" daemon [_thread_blocked, id=24351, stack(0x00007f40789fa000,0x00007f4078afb000)]
  0x00007f4088080800 JavaThread "Reference Handler" daemon [_thread_blocked, id=24350, stack(0x00007f4078afb000,0x00007f4078bfc000)]
  0x00007f408800b000 JavaThread "main" [_thread_blocked, id=24344, stack(0x00007f4091fd6000,0x00007f40920d6000)]

Other Threads:
=>0x00007f4088079000 VMThread [stack: 0x00007f4078bfd000,0x00007f4078cfd000] [id=24349]
  0x00007f40880cb000 WatcherThread [stack: 0x00007f4078117000,0x00007f4078217000] [id=24357]

VM state:at safepoint (normal execution)

VM Mutex/Monitor currently owned by a thread:  ([mutex/lock_event])
[0x00007f4088007360] ExpandHeap_lock - owner thread: 0x00007f4088079000
[0x00007f40880079e0] Threads_lock - owner thread: 0x00007f4088079000
[0x00007f4088007ee0] Heap_lock - owner thread: 0x00007f408800b000

Heap:
 PSYoungGen      total 378368K, used 71151K [0x00000000d7000000, 0x0000000100000000, 0x0000000100000000)
  eden space 224256K, 0% used [0x00000000d7000000,0x00000000d7000000,0x00000000e4b00000)
  from space 154112K, 46% used [0x00000000f6980000,0x00000000faefbd78,0x0000000100000000)
  to   space 223744K, 0% used [0x00000000e4b00000,0x00000000e4b00000,0x00000000f2580000)
 ParOldGen       total 825856K, used 825412K [0x0000000085000000, 0x00000000b7680000, 0x00000000d7000000)
  object space 825856K, 99% used [0x0000000085000000,0x00000000b7611240,0x00000000b7680000)
 Metaspace       used 32983K, capacity 33856K, committed 34048K, reserved 1079296K
  class space    used 3793K, capacity 4053K, committed 4096K, reserved 1048576K

Card table byte_map: [0x00007f408e1a5000,0x00007f408e57e000] byte_map_base: 0x00007f408dd7d000

Marking Bits: (ParMarkBitMap*) 0x00007f4091277140
 Begin Bits: [0x00007f4070280000, 0x00007f4072140000)
 End Bits:   [0x00007f4072140000, 0x00007f4074000000)

Polling page: 0x00007f40920f8000

CodeCache: size=245760Kb used=19312Kb max_used=19374Kb free=226447Kb
 bounds [0x00007f4079000000, 0x00007f407a330000, 0x00007f4088000000]
 total_blobs=5572 nmethods=5123 adapters=363
 compilation: enabled

Compilation events (10 events):
Event: 28.932 Thread 0x00007f40880bd800 6291       3       java.util.stream.ReduceOps$Box::<init> (5 bytes)
Event: 28.932 Thread 0x00007f40880bd800 nmethod 6291 0x00007f40792b6610 code [0x00007f40792b6780, 0x00007f40792b6930]
Event: 28.932 Thread 0x00007f40880bd800 6292       3       java.util.stream.ReduceOps$3ReducingSink::begin (14 bytes)
Event: 28.933 Thread 0x00007f40880bd800 nmethod 6292 0x00007f40792b6190 code [0x00007f40792b6300, 0x00007f40792b6548]
Event: 28.935 Thread 0x00007f40880b8800 nmethod 6221 0x00007f407a312050 code [0x00007f407a312640, 0x00007f407a3153f0]
Event: 28.935 Thread 0x00007f40880b8800 6293       4       sun.nio.cs.UTF_8$Encoder::encodeArrayLoop (489 bytes)
Event: 28.943 Thread 0x00007f40880bb800 nmethod 6223 0x00007f407a31af10 code [0x00007f407a31b8a0, 0x00007f407a322aa0]
Event: 28.943 Thread 0x00007f40880bb800 6296   !   4       com.villagechief.pmd.lang.vfm.ast.VisualForceMacroParser::EqualityExpression (480 bytes)
Event: 28.944 Thread 0x00007f40880b8800 nmethod 6293 0x00007f4079e01a90 code [0x00007f4079e01c00, 0x00007f4079e020f8]
Event: 28.944 Thread 0x00007f40880b8800 6225       4       com.villagechief.pmd.lang.vfm.ast.VisualForceMacroParser::jj_3R_49 (37 bytes)

GC Heap History (10 events):
Event: 19.184 GC heap after
Heap after GC invocations=19 (full 4):
 PSYoungGen      total 369152K, used 81781K [0x00000000d7000000, 0x00000000ff400000, 0x0000000100000000)
  eden space 284160K, 0% used [0x00000000d7000000,0x00000000d7000000,0x00000000e8580000)
  from space 84992K, 96% used [0x00000000e8580000,0x00000000ed55d7a8,0x00000000ed880000)
  to   space 135680K, 0% used [0x00000000f6f80000,0x00000000f6f80000,0x00000000ff400000)
 ParOldGen       total 544768K, used 334420K [0x0000000085000000, 0x00000000a6400000, 0x00000000d7000000)
  object space 544768K, 61% used [0x0000000085000000,0x0000000099695240,0x00000000a6400000)
 Metaspace       used 32195K, capacity 33048K, committed 33152K, reserved 1079296K
  class space    used 3716K, capacity 3957K, committed 3968K, reserved 1048576K
}
Event: 20.807 GC heap before
{Heap before GC invocations=20 (full 4):
 PSYoungGen      total 369152K, used 365941K [0x00000000d7000000, 0x00000000ff400000, 0x0000000100000000)
  eden space 284160K, 100% used [0x00000000d7000000,0x00000000e8580000,0x00000000e8580000)
  from space 84992K, 96% used [0x00000000e8580000,0x00000000ed55d7a8,0x00000000ed880000)
  to   space 135680K, 0% used [0x00000000f6f80000,0x00000000f6f80000,0x00000000ff400000)
 ParOldGen       total 544768K, used 334420K [0x0000000085000000, 0x00000000a6400000, 0x00000000d7000000)
  object space 544768K, 61% used [0x0000000085000000,0x0000000099695240,0x00000000a6400000)
 Metaspace       used 32212K, capacity 33048K, committed 33152K, reserved 1079296K
  class space    used 3717K, capacity 3957K, committed 3968K, reserved 1048576K
Event: 21.811 GC heap after
Heap after GC invocations=20 (full 4):
 PSYoungGen      total 499200K, used 118158K [0x00000000d7000000, 0x0000000100000000, 0x0000000100000000)
  eden space 363520K, 0% used [0x00000000d7000000,0x00000000d7000000,0x00000000ed300000)
  from space 135680K, 87% used [0x00000000f6f80000,0x00000000fe2e3860,0x00000000ff400000)
  to   space 154112K, 0% used [0x00000000ed300000,0x00000000ed300000,0x00000000f6980000)
 ParOldGen       total 544768K, used 416534K [0x0000000085000000, 0x00000000a6400000, 0x00000000d7000000)
  object space 544768K, 76% used [0x0000000085000000,0x000000009e6c5898,0x00000000a6400000)
 Metaspace       used 32212K, capacity 33048K, committed 33152K, reserved 1079296K
  class space    used 3717K, capacity 3957K, committed 3968K, reserved 1048576K
}
Event: 23.893 GC heap before
{Heap before GC invocations=21 (full 4):
 PSYoungGen      total 499200K, used 481678K [0x00000000d7000000, 0x0000000100000000, 0x0000000100000000)
  eden space 363520K, 100% used [0x00000000d7000000,0x00000000ed300000,0x00000000ed300000)
  from space 135680K, 87% used [0x00000000f6f80000,0x00000000fe2e3860,0x00000000ff400000)
  to   space 154112K, 0% used [0x00000000ed300000,0x00000000ed300000,0x00000000f6980000)
 ParOldGen       total 544768K, used 416534K [0x0000000085000000, 0x00000000a6400000, 0x00000000d7000000)
  object space 544768K, 76% used [0x0000000085000000,0x000000009e6c5898,0x00000000a6400000)
 Metaspace       used 32219K, capacity 33048K, committed 33152K, reserved 1079296K
  class space    used 3718K, capacity 3957K, committed 3968K, reserved 1048576K
Event: 25.077 GC heap after
Heap after GC invocations=21 (full 4):
 PSYoungGen      total 517632K, used 154103K [0x00000000d7000000, 0x0000000100000000, 0x0000000100000000)
  eden space 363520K, 0% used [0x00000000d7000000,0x00000000d7000000,0x00000000ed300000)
  from space 154112K, 99% used [0x00000000ed300000,0x00000000f697dd00,0x00000000f6980000)
  to   space 154112K, 0% used [0x00000000f6980000,0x00000000f6980000,0x0000000100000000)
 ParOldGen       total 548864K, used 548792K [0x0000000085000000, 0x00000000a6800000, 0x00000000d7000000)
  object space 548864K, 99% used [0x0000000085000000,0x00000000a67ee058,0x00000000a6800000)
 Metaspace       used 32219K, capacity 33048K, committed 33152K, reserved 1079296K
  class space    used 3718K, capacity 3957K, committed 3968K, reserved 1048576K
}
Event: 25.077 GC heap before
{Heap before GC invocations=22 (full 5):
 PSYoungGen      total 517632K, used 154103K [0x00000000d7000000, 0x0000000100000000, 0x0000000100000000)
  eden space 363520K, 0% used [0x00000000d7000000,0x00000000d7000000,0x00000000ed300000)
  from space 154112K, 99% used [0x00000000ed300000,0x00000000f697dd00,0x00000000f6980000)
  to   space 154112K, 0% used [0x00000000f6980000,0x00000000f6980000,0x0000000100000000)
 ParOldGen       total 548864K, used 548792K [0x0000000085000000, 0x00000000a6800000, 0x00000000d7000000)
  object space 548864K, 99% used [0x0000000085000000,0x00000000a67ee058,0x00000000a6800000)
 Metaspace       used 32219K, capacity 33048K, committed 33152K, reserved 1079296K
  class space    used 3718K, capacity 3957K, committed 3968K, reserved 1048576K
Event: 26.472 GC heap after
Heap after GC invocations=22 (full 5):
 PSYoungGen      total 517632K, used 141069K [0x00000000d7000000, 0x0000000100000000, 0x0000000100000000)
  eden space 363520K, 0% used [0x00000000d7000000,0x00000000d7000000,0x00000000ed300000)
  from space 154112K, 91% used [0x00000000ed300000,0x00000000f5cc36a0,0x00000000f6980000)
  to   space 154112K, 0% used [0x00000000f6980000,0x00000000f6980000,0x0000000100000000)
 ParOldGen       total 825856K, used 548494K [0x0000000085000000, 0x00000000b7680000, 0x00000000d7000000)
  object space 825856K, 66% used [0x0000000085000000,0x00000000a67a3bf0,0x00000000b7680000)
 Metaspace       used 32219K, capacity 33048K, committed 33152K, reserved 1079296K
  class space    used 3718K, capacity 3957K, committed 3968K, reserved 1048576K
}
Event: 28.961 GC heap before
{Heap before GC invocations=23 (full 5):
 PSYoungGen      total 517632K, used 504589K [0x00000000d7000000, 0x0000000100000000, 0x0000000100000000)
  eden space 363520K, 100% used [0x00000000d7000000,0x00000000ed300000,0x00000000ed300000)
  from space 154112K, 91% used [0x00000000ed300000,0x00000000f5cc36a0,0x00000000f6980000)
  to   space 154112K, 0% used [0x00000000f6980000,0x00000000f6980000,0x0000000100000000)
 ParOldGen       total 825856K, used 548494K [0x0000000085000000, 0x00000000b7680000, 0x00000000d7000000)
  object space 825856K, 66% used [0x0000000085000000,0x00000000a67a3bf0,0x00000000b7680000)
 Metaspace       used 32983K, capacity 33856K, committed 34048K, reserved 1079296K
  class space    used 3793K, capacity 4053K, committed 4096K, reserved 1048576K
Event: 29.769 GC heap after
Heap after GC invocations=23 (full 5):
 PSYoungGen      total 378368K, used 154098K [0x00000000d7000000, 0x0000000100000000, 0x0000000100000000)
  eden space 224256K, 0% used [0x00000000d7000000,0x00000000d7000000,0x00000000e4b00000)
  from space 154112K, 99% used [0x00000000f6980000,0x00000000ffffc860,0x0000000100000000)
  to   space 223744K, 0% used [0x00000000e4b00000,0x00000000e4b00000,0x00000000f2580000)
 ParOldGen       total 825856K, used 745790K [0x0000000085000000, 0x00000000b7680000, 0x00000000d7000000)
  object space 825856K, 90% used [0x0000000085000000,0x00000000b284fb80,0x00000000b7680000)
 Metaspace       used 32983K, capacity 33856K, committed 34048K, reserved 1079296K
  class space    used 3793K, capacity 4053K, committed 4096K, reserved 1048576K
}
Event: 29.769 GC heap before
{Heap before GC invocations=24 (full 6):
 PSYoungGen      total 378368K, used 154098K [0x00000000d7000000, 0x0000000100000000, 0x0000000100000000)
  eden space 224256K, 0% used [0x00000000d7000000,0x00000000d7000000,0x00000000e4b00000)
  from space 154112K, 99% used [0x00000000f6980000,0x00000000ffffc860,0x0000000100000000)
  to   space 223744K, 0% used [0x00000000e4b00000,0x00000000e4b00000,0x00000000f2580000)
 ParOldGen       total 825856K, used 745790K [0x0000000085000000, 0x00000000b7680000, 0x00000000d7000000)
  object space 825856K, 90% used [0x0000000085000000,0x00000000b284fb80,0x00000000b7680000)
 Metaspace       used 32983K, capacity 33856K, committed 34048K, reserved 1079296K
  class space    used 3793K, capacity 4053K, committed 4096K, reserved 1048576K

Deoptimization events (10 events):
Event: 27.988 Thread 0x00007f408800b000 Uncommon trap: reason=unstable_if action=reinterpret pc=0x00007f4079903d7c method=com.sun.org.apache.xerces.internal.dom.DeferredDocumentImpl.getPrevSibling(IZ)I @ 86
Event: 27.996 Thread 0x00007f408800b000 Uncommon trap: reason=unstable_if action=reinterpret pc=0x00007f4079e05260 method=com.villagechief.pmd.lang.vfm.ast.VisualForceMacroParserTokenManager.getNextToken()Lcom/villagechief/pmd/lang/vfm/ast/Token; @ 351
Event: 28.232 Thread 0x00007f408800b000 Uncommon trap: reason=unstable_if action=reinterpret pc=0x00007f40792247e4 method=com.villagechief.pmd.lang.vf.ast.VisualForceParserTokenManager.jjMoveNfa_18(II)I @ 396
Event: 28.289 Thread 0x00007f408800b000 Uncommon trap: reason=unstable_if action=reinterpret pc=0x00007f4079f5e374 method=com.villagechief.pmd.lang.vfm.ast.VisualForceMacroParserTokenManager.jjMoveNfa_0(II)I @ 3434
Event: 28.310 Thread 0x00007f408800b000 Uncommon trap: reason=unstable_if action=reinterpret pc=0x00007f40791c8358 method=com.villagechief.pmd.lang.ast.VisualForceCharStream.readChar()C @ 65
Event: 28.420 Thread 0x00007f408800b000 Uncommon trap: reason=unstable_if action=reinterpret pc=0x00007f4079275f3c method=com.villagechief.pmd.lang.vfm.ast.VisualForceMacroParser.jj_3R_18()Z @ 6
Event: 28.484 Thread 0x00007f408800b000 Uncommon trap: reason=unstable_if action=reinterpret pc=0x00007f407925a2b0 method=com.villagechief.pmd.lang.ast.VisualForceCharStream.readChar()C @ 65
Event: 28.580 Thread 0x00007f408800b000 Uncommon trap: reason=unstable_if action=reinterpret pc=0x00007f4079deae6c method=com.villagechief.pmd.lang.vf.ast.VisualForceParserTokenManager.getNextToken()Lcom/villagechief/pmd/lang/vf/ast/Token; @ 452
Event: 28.580 Thread 0x00007f408800b000 Uncommon trap: reason=unstable_if action=reinterpret pc=0x00007f407a254c64 method=com.villagechief.pmd.lang.vf.ast.VisualForceParser.jj_consume_token(I)Lcom/villagechief/pmd/lang/vf/ast/Token; @ 58
Event: 28.863 Thread 0x00007f408800b000 Uncommon trap: reason=unstable_if action=reinterpret pc=0x00007f40793fe37c method=com.villagechief.pmd.lang.vf.ast.VisualForceParserTokenManager.jjMoveNfa_5(II)I @ 256

Classes redefined (0 events):
No events

Internal exceptions (10 events):
Event: 28.358 Thread 0x00007f408800b000 Exception <a 'java/io/FileNotFoundException'> (0x00000000e8cda718) thrown at [/build/openjdk-8-TuolsG/openjdk-8-8u171-b11/src/hotspot/src/share/vm/prims/jni.cpp, line 709]
Event: 28.362 Thread 0x00007f408800b000 Exception <a 'java/io/FileNotFoundException'> (0x00000000e8dc0560) thrown at [/build/openjdk-8-TuolsG/openjdk-8-8u171-b11/src/hotspot/src/share/vm/prims/jni.cpp, line 709]
Event: 28.438 Thread 0x00007f408800b000 Exception <a 'java/io/FileNotFoundException'> (0x00000000e9e90a28) thrown at [/build/openjdk-8-TuolsG/openjdk-8-8u171-b11/src/hotspot/src/share/vm/prims/jni.cpp, line 709]
Event: 28.472 Thread 0x00007f408800b000 Exception <a 'java/io/FileNotFoundException'> (0x00000000ea93ba08) thrown at [/build/openjdk-8-TuolsG/openjdk-8-8u171-b11/src/hotspot/src/share/vm/prims/jni.cpp, line 709]
Event: 28.483 Thread 0x00007f408800b000 Exception <a 'java/io/FileNotFoundException'> (0x00000000eabd0cf0) thrown at [/build/openjdk-8-TuolsG/openjdk-8-8u171-b11/src/hotspot/src/share/vm/prims/jni.cpp, line 709]
Event: 28.498 Thread 0x00007f408800b000 Exception <a 'java/io/FileNotFoundException'> (0x00000000eaf72b70) thrown at [/build/openjdk-8-TuolsG/openjdk-8-8u171-b11/src/hotspot/src/share/vm/prims/jni.cpp, line 709]
Event: 28.515 Thread 0x00007f408800b000 Exception <a 'java/io/FileNotFoundException'> (0x00000000eb282328) thrown at [/build/openjdk-8-TuolsG/openjdk-8-8u171-b11/src/hotspot/src/share/vm/prims/jni.cpp, line 709]
Event: 28.529 Thread 0x00007f408800b000 Exception <a 'java/io/FileNotFoundException'> (0x00000000eb613620) thrown at [/build/openjdk-8-TuolsG/openjdk-8-8u171-b11/src/hotspot/src/share/vm/prims/jni.cpp, line 709]
Event: 28.639 Thread 0x00007f408800b000 Exception <a 'java/io/FileNotFoundException'> (0x00000000ebfa7a40) thrown at [/build/openjdk-8-TuolsG/openjdk-8-8u171-b11/src/hotspot/src/share/vm/prims/jni.cpp, line 709]
Event: 28.792 Thread 0x00007f408800b000 Exception <a 'java/io/FileNotFoundException'> (0x00000000ec6d98a8) thrown at [/build/openjdk-8-TuolsG/openjdk-8-8u171-b11/src/hotspot/src/share/vm/prims/jni.cpp, line 709]

Events (10 events):
Event: 28.584 Thread 0x00007f408800b000 DEOPT PACKING pc=0x00007f40796e93fb sp=0x00007f40920d0f20
Event: 28.584 Thread 0x00007f408800b000 DEOPT UNPACKING pc=0x00007f40790474c4 sp=0x00007f40920d0d30 mode 0
Event: 28.647 Thread 0x00007f408800b000 DEOPT PACKING pc=0x00007f40796e93fb sp=0x00007f40920d0f30
Event: 28.647 Thread 0x00007f408800b000 DEOPT UNPACKING pc=0x00007f40790474c4 sp=0x00007f40920d0d40 mode 0
Event: 28.863 Thread 0x00007f408800b000 Uncommon trap: trap_request=0xffffff65 fr.pc=0x00007f40793fe37c
Event: 28.863 Thread 0x00007f408800b000 DEOPT PACKING pc=0x00007f40793fe37c sp=0x00007f40920d1910
Event: 28.863 Thread 0x00007f408800b000 DEOPT UNPACKING pc=0x00007f407904547a sp=0x00007f40920d1898 mode 2
Event: 28.930 Thread 0x00007f408800b000 DEOPT PACKING pc=0x00007f40796e93fb sp=0x00007f40920d0f30
Event: 28.930 Thread 0x00007f408800b000 DEOPT UNPACKING pc=0x00007f40790474c4 sp=0x00007f40920d0d40 mode 0
Event: 28.961 Executing VM operation: ParallelGCFailedAllocation


Dynamic libraries:
85000000-b7680000 rw-p 00000000 00:00 0 
cd380000-d7000000 ---p 00000000 00:00 0 
d7000000-100000000 rw-p 00000000 00:00 0 
100000000-100400000 rw-p 00000000 00:00 0 
100400000-140000000 ---p 00000000 00:00 0 
55a8b17e0000-55a8b17e1000 r-xp 00000000 08:02 1312010                    /usr/lib/jvm/java-8-openjdk-amd64/jre/bin/java
55a8b19e0000-55a8b19e1000 r--p 00000000 08:02 1312010                    /usr/lib/jvm/java-8-openjdk-amd64/jre/bin/java
55a8b19e1000-55a8b19e2000 rw-p 00001000 08:02 1312010                    /usr/lib/jvm/java-8-openjdk-amd64/jre/bin/java
55a8b2402000-55a8b2423000 rw-p 00000000 00:00 0                          [heap]
7f4004000000-7f4004021000 rw-p 00000000 00:00 0 
7f4004021000-7f4008000000 ---p 00000000 00:00 0 
7f4008000000-7f4008021000 rw-p 00000000 00:00 0 
7f4008021000-7f400c000000 ---p 00000000 00:00 0 
7f400c000000-7f400c021000 rw-p 00000000 00:00 0 
7f400c021000-7f4010000000 ---p 00000000 00:00 0 
7f4010000000-7f4010021000 rw-p 00000000 00:00 0 
7f4010021000-7f4014000000 ---p 00000000 00:00 0 
7f4014000000-7f4014021000 rw-p 00000000 00:00 0 
7f4014021000-7f4018000000 ---p 00000000 00:00 0 
7f4018000000-7f4018021000 rw-p 00000000 00:00 0 
7f4018021000-7f401c000000 ---p 00000000 00:00 0 
7f401c000000-7f401c021000 rw-p 00000000 00:00 0 
7f401c021000-7f4020000000 ---p 00000000 00:00 0 
7f4020000000-7f4020021000 rw-p 00000000 00:00 0 
7f4020021000-7f4024000000 ---p 00000000 00:00 0 
7f4024000000-7f4024021000 rw-p 00000000 00:00 0 
7f4024021000-7f4028000000 ---p 00000000 00:00 0 
7f4028000000-7f4028021000 rw-p 00000000 00:00 0 
7f4028021000-7f402c000000 ---p 00000000 00:00 0 
7f402c000000-7f402c021000 rw-p 00000000 00:00 0 
7f402c021000-7f4030000000 ---p 00000000 00:00 0 
7f4030000000-7f4030021000 rw-p 00000000 00:00 0 
7f4030021000-7f4034000000 ---p 00000000 00:00 0 
7f4034000000-7f4034021000 rw-p 00000000 00:00 0 
7f4034021000-7f4038000000 ---p 00000000 00:00 0 
7f4038000000-7f4038021000 rw-p 00000000 00:00 0 
7f4038021000-7f403c000000 ---p 00000000 00:00 0 
7f403c000000-7f403c021000 rw-p 00000000 00:00 0 
7f403c021000-7f4040000000 ---p 00000000 00:00 0 
7f4040000000-7f4040021000 rw-p 00000000 00:00 0 
7f4040021000-7f4044000000 ---p 00000000 00:00 0 
7f4044000000-7f4045a5e000 rw-p 00000000 00:00 0 
7f4045a5e000-7f4048000000 ---p 00000000 00:00 0 
7f4048000000-7f404903c000 rw-p 00000000 00:00 0 
7f404903c000-7f404c000000 ---p 00000000 00:00 0 
7f404c000000-7f404c021000 rw-p 00000000 00:00 0 
7f404c021000-7f4050000000 ---p 00000000 00:00 0 
7f4050000000-7f40514c5000 rw-p 00000000 00:00 0 
7f40514c5000-7f4054000000 ---p 00000000 00:00 0 
7f4054000000-7f4054021000 rw-p 00000000 00:00 0 
7f4054021000-7f4058000000 ---p 00000000 00:00 0 
7f4058000000-7f4058021000 rw-p 00000000 00:00 0 
7f4058021000-7f405c000000 ---p 00000000 00:00 0 
7f405c000000-7f405c021000 rw-p 00000000 00:00 0 
7f405c021000-7f4060000000 ---p 00000000 00:00 0 
7f4060000000-7f40600a2000 rw-p 00000000 00:00 0 
7f40600a2000-7f4064000000 ---p 00000000 00:00 0 
7f4064000000-7f4064021000 rw-p 00000000 00:00 0 
7f4064021000-7f4068000000 ---p 00000000 00:00 0 
7f4068d2c000-7f4068e6c000 rw-p 00000000 00:00 0 
7f4068e6c000-7f4068f2c000 ---p 00000000 00:00 0 
7f4068f2c000-7f4068f43000 r-xp 00000000 08:02 3434306                    /lib/x86_64-linux-gnu/libresolv-2.27.so
7f4068f43000-7f4069143000 ---p 00017000 08:02 3434306                    /lib/x86_64-linux-gnu/libresolv-2.27.so
7f4069143000-7f4069144000 r--p 00017000 08:02 3434306                    /lib/x86_64-linux-gnu/libresolv-2.27.so
7f4069144000-7f4069145000 rw-p 00018000 08:02 3434306                    /lib/x86_64-linux-gnu/libresolv-2.27.so
7f4069145000-7f4069147000 rw-p 00000000 00:00 0 
7f4069147000-7f406914c000 r-xp 00000000 08:02 3434299                    /lib/x86_64-linux-gnu/libnss_dns-2.27.so
7f406914c000-7f406934c000 ---p 00005000 08:02 3434299                    /lib/x86_64-linux-gnu/libnss_dns-2.27.so
7f406934c000-7f406934d000 r--p 00005000 08:02 3434299                    /lib/x86_64-linux-gnu/libnss_dns-2.27.so
7f406934d000-7f406934e000 rw-p 00006000 08:02 3434299                    /lib/x86_64-linux-gnu/libnss_dns-2.27.so
7f406934e000-7f4069350000 r-xp 00000000 08:02 3412568                    /lib/x86_64-linux-gnu/libnss_mdns4_minimal.so.2
7f4069350000-7f406954f000 ---p 00002000 08:02 3412568                    /lib/x86_64-linux-gnu/libnss_mdns4_minimal.so.2
7f406954f000-7f4069550000 r--p 00001000 08:02 3412568                    /lib/x86_64-linux-gnu/libnss_mdns4_minimal.so.2
7f4069550000-7f4069551000 rw-p 00002000 08:02 3412568                    /lib/x86_64-linux-gnu/libnss_mdns4_minimal.so.2
7f4069572000-7f4069772000 rw-p 00000000 00:00 0 
7f4069772000-7f4069972000 rw-p 00000000 00:00 0 
7f4069972000-7f4069975000 ---p 00000000 00:00 0 
7f4069975000-7f4069a73000 rw-p 00000000 00:00 0 
7f4069a73000-7f4069a76000 ---p 00000000 00:00 0 
7f4069a76000-7f4069b74000 rw-p 00000000 00:00 0 
7f4069b74000-7f4069b77000 ---p 00000000 00:00 0 
7f4069b77000-7f4069c75000 rw-p 00000000 00:00 0 
7f4069c75000-7f4069c78000 ---p 00000000 00:00 0 
7f4069c78000-7f4069f76000 rw-p 00000000 00:00 0 
7f4069f76000-7f406a176000 rw-p 00000000 00:00 0 
7f406a176000-7f406a1a2000 r--s 00208000 08:02 3815397                    /home/will/.sonar/cache/2a034a681b72f0d5169259f7fa818cfb/sonar-codescan-plugin.jar_unzip/META-INF/lib/guava-19.0.jar
7f406a1a2000-7f406a1a7000 r--s 00068000 08:02 3815405                    /home/will/.sonar/cache/2a034a681b72f0d5169259f7fa818cfb/sonar-codescan-plugin.jar_unzip/META-INF/lib/antlr-2.7.7.jar
7f406a1a7000-7f406a1ac000 r--s 00041000 08:02 3815407                    /home/will/.sonar/cache/2a034a681b72f0d5169259f7fa818cfb/sonar-codescan-plugin.jar_unzip/META-INF/lib/commons-lang-2.6.jar
7f406a1ac000-7f406a1af000 r--s 00022000 08:02 3815379                    /home/will/.sonar/cache/2a034a681b72f0d5169259f7fa818cfb/sonar-codescan-plugin.jar_unzip/META-INF/lib/stringtemplate-3.2.1.jar
7f406a1af000-7f406a1ca000 r--s 004b6000 08:02 3815403                    /home/will/.sonar/cache/2a034a681b72f0d5169259f7fa818cfb/sonar-codescan-plugin.jar_unzip/META-INF/lib/saxon-9.1.0.8.jar
7f406a1ca000-7f406a1cc000 r--s 0000a000 08:02 3815398                    /home/will/.sonar/cache/2a034a681b72f0d5169259f7fa818cfb/sonar-codescan-plugin.jar_unzip/META-INF/lib/salesforce-checks-4.1.1.jar
7f406a1cc000-7f406a1cf000 r--s 00026000 08:02 3815404                    /home/will/.sonar/cache/2a034a681b72f0d5169259f7fa818cfb/sonar-codescan-plugin.jar_unzip/META-INF/lib/antlr-runtime-3.5.jar
7f406a1cf000-7f406a1d1000 r--s 00004000 08:02 3815381                    /home/will/.sonar/cache/2a034a681b72f0d5169259f7fa818cfb/sonar-codescan-plugin.jar_unzip/META-INF/lib/slf4j-api-1.5.6.jar
7f406a1d1000-7f406a1d4000 r--s 00023000 08:02 3815401                    /home/will/.sonar/cache/2a034a681b72f0d5169259f7fa818cfb/sonar-codescan-plugin.jar_unzip/META-INF/lib/jdom-1.0.jar
7f406a1d4000-7f406a1d7000 r--s 0000a000 08:02 3815394                    /home/will/.sonar/cache/2a034a681b72f0d5169259f7fa818cfb/sonar-codescan-plugin.jar_unzip/META-INF/lib/salesforce-ws-4.1.1.jar
7f406a1d7000-7f406a1df000 r--s 00048000 08:02 3815393                    /home/will/.sonar/cache/2a034a681b72f0d5169259f7fa818cfb/sonar-codescan-plugin.jar_unzip/META-INF/lib/picocontainer-2.14.1.jar
7f406a1df000-7f406a1e1000 r--s 00009000 08:02 3815388                    /home/will/.sonar/cache/2a034a681b72f0d5169259f7fa818cfb/sonar-codescan-plugin.jar_unzip/META-INF/lib/salesforce-squid-4.1.1.jar
7f406a1e1000-7f406a1e8000 r--s 0003a000 08:02 3815389                    /home/will/.sonar/cache/2a034a681b72f0d5169259f7fa818cfb/sonar-codescan-plugin.jar_unzip/META-INF/lib/commons-codec-1.8.jar
7f406a1e8000-7f406a1ed000 r--s 00024000 08:02 3815406                    /home/will/.sonar/cache/2a034a681b72f0d5169259f7fa818cfb/sonar-codescan-plugin.jar_unzip/META-INF/lib/sslr-squid-bridge-2.6.1.jar
7f406a1ed000-7f406a1f1000 r--s 00036000 08:02 3815387                    /home/will/.sonar/cache/2a034a681b72f0d5169259f7fa818cfb/sonar-codescan-plugin.jar_unzip/META-INF/lib/ST4-4.0.7.jar
7f406a1f1000-7f406a1f2000 r--s 00008000 08:02 3815382                    /home/will/.sonar/cache/2a034a681b72f0d5169259f7fa818cfb/sonar-codescan-plugin.jar_unzip/META-INF/lib/salesforce-api-4.1.1.jar
7f406a1f2000-7f406a1f3000 r--s 0000a000 08:02 3815385                    /home/will/.sonar/cache/2a034a681b72f0d5169259f7fa818cfb/sonar-codescan-plugin.jar_unzip/META-INF/lib/asm-3.2.jar
7f406a1f3000-7f406a205000 r--s 0010f000 08:02 3815383                    /home/will/.sonar/cache/2a034a681b72f0d5169259f7fa818cfb/sonar-codescan-plugin.jar_unzip/META-INF/lib/force-partner-api-41.0.0.jar
7f406a205000-7f406a20a000 r--s 00048000 08:02 3815384                    /home/will/.sonar/cache/2a034a681b72f0d5169259f7fa818cfb/sonar-codescan-plugin.jar_unzip/META-INF/lib/dom4j-1.6.1.jar
7f406a20a000-7f406a212000 r--s 00048000 08:02 3815402                    /home/will/.sonar/cache/2a034a681b72f0d5169259f7fa818cfb/sonar-codescan-plugin.jar_unzip/META-INF/lib/httpcore-4.4.6.jar
7f406a212000-7f406a220000 r--s 000b1000 08:02 3815386                    /home/will/.sonar/cache/2a034a681b72f0d5169259f7fa818cfb/sonar-codescan-plugin.jar_unzip/META-INF/lib/jackson-mapper-asl-1.9.13.jar
7f406a220000-7f406a22d000 r--s 000aa000 08:02 3815380                    /home/will/.sonar/cache/2a034a681b72f0d5169259f7fa818cfb/sonar-codescan-plugin.jar_unzip/META-INF/lib/httpclient-4.5.3.jar
7f406a22d000-7f406a42d000 rw-p 00000000 00:00 0 
7f406a42d000-7f406a430000 ---p 00000000 00:00 0 
7f406a430000-7f406a52e000 rw-p 00000000 00:00 0 
7f406a52e000-7f406a531000 ---p 00000000 00:00 0 
7f406a531000-7f406a62f000 rw-p 00000000 00:00 0 
7f406a62f000-7f406a632000 ---p 00000000 00:00 0 
7f406a632000-7f406a730000 rw-p 00000000 00:00 0 
7f406a730000-7f406a733000 ---p 00000000 00:00 0 
7f406a733000-7f406a831000 rw-p 00000000 00:00 0 
7f406a831000-7f406a834000 ---p 00000000 00:00 0 
7f406a834000-7f406a932000 rw-p 00000000 00:00 0 
7f406a932000-7f406a935000 ---p 00000000 00:00 0 
7f406a935000-7f406aa33000 rw-p 00000000 00:00 0 
7f406aa33000-7f406aa36000 ---p 00000000 00:00 0 
7f406aa36000-7f406ad34000 rw-p 00000000 00:00 0 
7f406ad34000-7f406ad3d000 r-xp 00000000 08:02 1320409                    /usr/lib/jvm/java-8-openjdk-amd64/jre/lib/amd64/libmanagement.so
7f406ad3d000-7f406af3c000 ---p 00009000 08:02 1320409                    /usr/lib/jvm/java-8-openjdk-amd64/jre/lib/amd64/libmanagement.so
7f406af3c000-7f406af3d000 r--p 00008000 08:02 1320409                    /usr/lib/jvm/java-8-openjdk-amd64/jre/lib/amd64/libmanagement.so
7f406af3d000-7f406af3e000 rw-p 00009000 08:02 1320409                    /usr/lib/jvm/java-8-openjdk-amd64/jre/lib/amd64/libmanagement.so
7f406af3e000-7f406af41000 ---p 00000000 00:00 0 
7f406af41000-7f406b03f000 rw-p 00000000 00:00 0 
7f406b03f000-7f406b042000 ---p 00000000 00:00 0 
7f406b042000-7f406b340000 rw-p 00000000 00:00 0 
7f406b340000-7f406b368000 r-xp 00000000 08:02 1320421                    /usr/lib/jvm/java-8-openjdk-amd64/jre/lib/amd64/libsunec.so
7f406b368000-7f406b567000 ---p 00028000 08:02 1320421                    /usr/lib/jvm/java-8-openjdk-amd64/jre/lib/amd64/libsunec.so
7f406b567000-7f406b56b000 r--p 00027000 08:02 1320421                    /usr/lib/jvm/java-8-openjdk-amd64/jre/lib/amd64/libsunec.so
7f406b56b000-7f406b56c000 rw-p 0002b000 08:02 1320421                    /usr/lib/jvm/java-8-openjdk-amd64/jre/lib/amd64/libsunec.so
7f406b56c000-7f406b76c000 rw-p 00000000 00:00 0 
7f406b76c000-7f406b96c000 rw-p 00000000 00:00 0 
7f406b96c000-7f406ba8e000 r--s 01731000 08:02 3670150                    /home/will/.sonar/cache/b4b9b9961eb450687d70246f3e324dc7/sonar-scanner-engine-shaded-7.2-all.jar
7f406ba8e000-7f406ba91000 ---p 00000000 00:00 0 
7f406ba91000-7f406bd8f000 rw-p 00000000 00:00 0 
7f406bd8f000-7f406bde8000 r--s 005ef000 08:02 4858269                    /home/will/codescan/apex-pmd/oss_project_downloader/force-versions-1.4.jar
7f406bde8000-7f406bdfe000 r-xp 00000000 08:02 1320413                    /usr/lib/jvm/java-8-openjdk-amd64/jre/lib/amd64/libnet.so
7f406bdfe000-7f406bffe000 ---p 00016000 08:02 1320413                    /usr/lib/jvm/java-8-openjdk-amd64/jre/lib/amd64/libnet.so
7f406bffe000-7f406bfff000 r--p 00016000 08:02 1320413                    /usr/lib/jvm/java-8-openjdk-amd64/jre/lib/amd64/libnet.so
7f406bfff000-7f406c000000 rw-p 00017000 08:02 1320413                    /usr/lib/jvm/java-8-openjdk-amd64/jre/lib/amd64/libnet.so
7f406c000000-7f406c021000 rw-p 00000000 00:00 0 
7f406c021000-7f4070000000 ---p 00000000 00:00 0 
7f4070000000-7f4070004000 r--s 0002f000 08:02 3815408                    /home/will/.sonar/cache/2a034a681b72f0d5169259f7fa818cfb/sonar-codescan-plugin.jar_unzip/META-INF/lib/commons-io-2.5.jar
7f4070004000-7f4070006000 r--s 0001e000 08:02 3815390                    /home/will/.sonar/cache/2a034a681b72f0d5169259f7fa818cfb/sonar-codescan-plugin.jar_unzip/META-INF/lib/saxon-9.1.0.8-dom.jar
7f4070006000-7f407000a000 r--s 00035000 08:02 3815392                    /home/will/.sonar/cache/2a034a681b72f0d5169259f7fa818cfb/sonar-codescan-plugin.jar_unzip/META-INF/lib/jackson-core-asl-1.9.13.jar
7f407000a000-7f407000f000 r--s 0002a000 08:02 3815400                    /home/will/.sonar/cache/2a034a681b72f0d5169259f7fa818cfb/sonar-codescan-plugin.jar_unzip/META-INF/lib/commons-beanutils-1.7.0.jar
7f407000f000-7f4070013000 r--s 00027000 08:02 3815396                    /home/will/.sonar/cache/2a034a681b72f0d5169259f7fa818cfb/sonar-codescan-plugin.jar_unzip/META-INF/lib/gson-1.7.1.jar
7f4070013000-7f4070019000 r--s 00032000 08:02 3815391                    /home/will/.sonar/cache/2a034a681b72f0d5169259f7fa818cfb/sonar-codescan-plugin.jar_unzip/META-INF/lib/jaxen-1.1.1.jar
7f4070019000-7f407001e000 r--s 00045000 08:02 3815409                    /home/will/.sonar/cache/2a034a681b72f0d5169259f7fa818cfb/sonar-codescan-plugin.jar_unzip/META-INF/lib/force-wsc-41.0.0.jar
7f407001e000-7f4070038000 r--s 00149000 08:02 3815395                    /home/will/.sonar/cache/2a034a681b72f0d5169259f7fa818cfb/sonar-codescan-plugin.jar_unzip/META-INF/lib/codescan-cli-4.1.1.jar
7f4070038000-7f407004b000 r--s 00346000 08:02 1320742                    /usr/lib/jvm/java-8-openjdk-amd64/jre/lib/resources.jar
7f407004b000-7f407006d000 r--s 0019c000 08:02 4858270                    /home/will/codescan/apex-pmd/oss_project_downloader/sonar-ant-task-2.2.jar
7f407006d000-7f407007e000 r-xp 00000000 08:02 1320415                    /usr/lib/jvm/java-8-openjdk-amd64/jre/lib/amd64/libnio.so
7f407007e000-7f407027e000 ---p 00011000 08:02 1320415                    /usr/lib/jvm/java-8-openjdk-amd64/jre/lib/amd64/libnio.so
7f407027e000-7f407027f000 r--p 00011000 08:02 1320415                    /usr/lib/jvm/java-8-openjdk-amd64/jre/lib/amd64/libnio.so
7f407027f000-7f4070280000 rw-p 00012000 08:02 1320415                    /usr/lib/jvm/java-8-openjdk-amd64/jre/lib/amd64/libnio.so
7f4070280000-7f4074000000 rw-p 00000000 00:00 0 
7f4074000000-7f4074021000 rw-p 00000000 00:00 0 
7f4074021000-7f4078000000 ---p 00000000 00:00 0 
7f4078000000-7f4078002000 r--s 0001b000 08:02 3815399                    /home/will/.sonar/cache/2a034a681b72f0d5169259f7fa818cfb/sonar-codescan-plugin.jar_unzip/META-INF/lib/force-apex-api-41.0.0.jar
7f4078002000-7f4078003000 r--s 0004b000 08:02 3682254                    /home/will/.sonar/cache/38e23c93200d26b107b6657a700c26f7/sonar-csvexport-plugin.jar
7f4078003000-7f4078005000 r--s 00b45000 08:02 3682472                    /home/will/.sonar/cache/2a034a681b72f0d5169259f7fa818cfb/sonar-codescan-plugin.jar
7f4078005000-7f4078007000 r--s 00016000 08:02 1320736                    /usr/lib/jvm/java-8-openjdk-amd64/jre/lib/jce.jar
7f4078007000-7f4078008000 r--p 00000000 08:02 2232184                    /usr/share/locale-langpack/en_AU/LC_MESSAGES/libc.mo
7f4078008000-7f4078009000 r--s 00001000 08:02 4730216                    /tmp/sonar-runner-batch6970817426089240937.jar
7f4078009000-7f407800e000 r--s 0009d000 08:02 1320738                    /usr/lib/jvm/java-8-openjdk-amd64/jre/lib/jsse.jar
7f407800e000-7f407803f000 rw-p 00000000 00:00 0 
7f407803f000-7f40780b9000 r--s 010ff000 08:02 1320353                    /usr/lib/jvm/java-8-openjdk-amd64/lib/tools.jar
7f40780b9000-7f40780ba000 r--s 00003000 08:02 1705586                    /usr/share/java/ant-apache-bcel-1.10.3.jar
7f40780ba000-7f40780bc000 r--s 00001000 08:02 1705590                    /usr/share/java/ant-apache-log4j-1.10.3.jar
7f40780bc000-7f40780be000 r--s 00002000 08:02 1706387                    /usr/share/java/ant-junit4-1.10.3.jar
7f40780be000-7f40780bf000 r--s 00002000 08:02 1705588                    /usr/share/java/ant-apache-bsf-1.10.3.jar
7f40780bf000-7f40780c0000 r--s 00003000 08:02 1706389                    /usr/share/java/ant-swing-1.10.3.jar
7f40780c0000-7f40780c1000 r--s 00002000 08:02 1705597                    /usr/share/java/ant-apache-resolver-1.10.3.jar
7f40780c1000-7f40780e0000 r--s 001fb000 08:02 1706471                    /usr/share/java/ant-1.10.3.jar
7f40780e0000-7f40780fb000 r--s 001d6000 08:02 1320722                    /usr/lib/jvm/java-8-openjdk-amd64/jre/lib/ext/nashorn.jar
7f40780fb000-7f4078116000 r--s 00394000 08:02 1320435                    /usr/lib/jvm/java-8-openjdk-amd64/jre/lib/ext/cldrdata.jar
7f4078116000-7f4078117000 ---p 00000000 00:00 0 
7f4078117000-7f4078217000 rw-p 00000000 00:00 0 
7f4078217000-7f407821a000 ---p 00000000 00:00 0 
7f407821a000-7f4078318000 rw-p 00000000 00:00 0 
7f4078318000-7f4078319000 ---p 00000000 00:00 0 
7f4078319000-7f407831c000 ---p 00000000 00:00 0 
7f407831c000-7f4078419000 rw-p 00000000 00:00 0 
7f4078419000-7f407841a000 ---p 00000000 00:00 0 
7f407841a000-7f407841d000 ---p 00000000 00:00 0 
7f407841d000-7f407851a000 rw-p 00000000 00:00 0 
7f407851a000-7f407851b000 ---p 00000000 00:00 0 
7f407851b000-7f407851e000 ---p 00000000 00:00 0 
7f407851e000-7f407861b000 rw-p 00000000 00:00 0 
7f407861b000-7f407861e000 ---p 00000000 00:00 0 
7f407861e000-7f407871c000 rw-p 00000000 00:00 0 
7f407871c000-7f40789fa000 r--p 00000000 08:02 1319530                    /usr/lib/locale/locale-archive
7f40789fa000-7f40789fd000 ---p 00000000 00:00 0 
7f40789fd000-7f4078afb000 rw-p 00000000 00:00 0 
7f4078afb000-7f4078afe000 ---p 00000000 00:00 0 
7f4078afe000-7f4078bfc000 rw-p 00000000 00:00 0 
7f4078bfc000-7f4078bfd000 ---p 00000000 00:00 0 
7f4078bfd000-7f4079000000 rw-p 00000000 00:00 0 
7f4079000000-7f407a330000 rwxp 00000000 00:00 0 
7f407a330000-7f4088000000 ---p 00000000 00:00 0 
7f4088000000-7f4088e9f000 rw-p 00000000 00:00 0 
7f4088e9f000-7f408c000000 ---p 00000000 00:00 0 
7f408c000000-7f408c001000 r--s 00002000 08:02 1706391                    /usr/share/java/ant-xz-1.10.3.jar
7f408c001000-7f408c004000 r--s 00019000 08:02 1707700                    /usr/share/java/junit-3.8.2.jar
7f408c004000-7f408c005000 r--s 00003000 08:02 1705938                    /usr/share/java/ant-javamail-1.10.3.jar
7f408c005000-7f408c006000 r--s 00002000 08:02 1705599                    /usr/share/java/ant-commons-logging-1.10.3.jar
7f408c006000-7f408c008000 r--s 00001000 08:02 1705598                    /usr/share/java/ant-apache-xalan2-1.10.3.jar
7f408c008000-7f408c009000 r--s 00002000 08:02 1705584                    /usr/share/java/ant-antlr-1.10.3.jar
7f408c009000-7f408c00a000 r--s 00003000 08:02 1706382                    /usr/share/java/ant-jdepend-1.10.3.jar
7f408c00a000-7f408c00f000 r--s 00040000 08:02 1711001                    /usr/share/java/jsch-0.1.54.jar
7f408c00f000-7f408c010000 r--s 00002000 08:02 1705592                    /usr/share/java/ant-apache-oro-1.10.3.jar
7f408c010000-7f408c012000 r--s 00002000 08:02 1706383                    /usr/share/java/ant-jmf-1.10.3.jar
7f408c012000-7f408c013000 r--s 00002000 08:02 1705594                    /usr/share/java/ant-apache-regexp-1.10.3.jar
7f408c013000-7f408c016000 r--s 00020000 08:02 1706385                    /usr/share/java/ant-junit-1.10.3.jar
7f408c016000-7f408ccf4000 rw-p 00000000 00:00 0 
7f408ccf4000-7f408cec3000 r--s 03c2f000 08:02 1320743                    /usr/lib/jvm/java-8-openjdk-amd64/jre/lib/rt.jar
7f408cec3000-7f408db11000 rw-p 00000000 00:00 0 
7f408db11000-7f408db12000 ---p 00000000 00:00 0 
7f408db12000-7f408dc12000 rw-p 00000000 00:00 0 
7f408dc12000-7f408dc13000 ---p 00000000 00:00 0 
7f408dc13000-7f408dd13000 rw-p 00000000 00:00 0 
7f408dd13000-7f408dd14000 ---p 00000000 00:00 0 
7f408dd14000-7f408de14000 rw-p 00000000 00:00 0 
7f408de14000-7f408de15000 ---p 00000000 00:00 0 
7f408de15000-7f408e0a9000 rw-p 00000000 00:00 0 
7f408e0a9000-7f408e1a5000 ---p 00000000 00:00 0 
7f408e1a5000-7f408e339000 rw-p 00000000 00:00 0 
7f408e339000-7f408e435000 ---p 00000000 00:00 0 
7f408e435000-7f408e57d000 rw-p 00000000 00:00 0 
7f408e57d000-7f408e5cb000 rw-p 00000000 00:00 0 
7f408e5cb000-7f408e93e000 ---p 00000000 00:00 0 
7f408e93e000-7f408e946000 r-xp 00000000 08:02 1320424                    /usr/lib/jvm/java-8-openjdk-amd64/jre/lib/amd64/libzip.so
7f408e946000-7f408eb45000 ---p 00008000 08:02 1320424                    /usr/lib/jvm/java-8-openjdk-amd64/jre/lib/amd64/libzip.so
7f408eb45000-7f408eb46000 r--p 00007000 08:02 1320424                    /usr/lib/jvm/java-8-openjdk-amd64/jre/lib/amd64/libzip.so
7f408eb46000-7f408eb47000 rw-p 00008000 08:02 1320424                    /usr/lib/jvm/java-8-openjdk-amd64/jre/lib/amd64/libzip.so
7f408eb47000-7f408eb52000 r-xp 00000000 08:02 3434300                    /lib/x86_64-linux-gnu/libnss_files-2.27.so
7f408eb52000-7f408ed51000 ---p 0000b000 08:02 3434300                    /lib/x86_64-linux-gnu/libnss_files-2.27.so
7f408ed51000-7f408ed52000 r--p 0000a000 08:02 3434300                    /lib/x86_64-linux-gnu/libnss_files-2.27.so
7f408ed52000-7f408ed53000 rw-p 0000b000 08:02 3434300                    /lib/x86_64-linux-gnu/libnss_files-2.27.so
7f408ed53000-7f408ed59000 rw-p 00000000 00:00 0 
7f408ed59000-7f408ed70000 r-xp 00000000 08:02 3434297                    /lib/x86_64-linux-gnu/libnsl-2.27.so
7f408ed70000-7f408ef6f000 ---p 00017000 08:02 3434297                    /lib/x86_64-linux-gnu/libnsl-2.27.so
7f408ef6f000-7f408ef70000 r--p 00016000 08:02 3434297                    /lib/x86_64-linux-gnu/libnsl-2.27.so
7f408ef70000-7f408ef71000 rw-p 00017000 08:02 3434297                    /lib/x86_64-linux-gnu/libnsl-2.27.so
7f408ef71000-7f408ef73000 rw-p 00000000 00:00 0 
7f408ef73000-7f408ef7e000 r-xp 00000000 08:02 3434302                    /lib/x86_64-linux-gnu/libnss_nis-2.27.so
7f408ef7e000-7f408f17d000 ---p 0000b000 08:02 3434302                    /lib/x86_64-linux-gnu/libnss_nis-2.27.so
7f408f17d000-7f408f17e000 r--p 0000a000 08:02 3434302                    /lib/x86_64-linux-gnu/libnss_nis-2.27.so
7f408f17e000-7f408f17f000 rw-p 0000b000 08:02 3434302                    /lib/x86_64-linux-gnu/libnss_nis-2.27.so
7f408f17f000-7f408f187000 r-xp 00000000 08:02 3434298                    /lib/x86_64-linux-gnu/libnss_compat-2.27.so
7f408f187000-7f408f387000 ---p 00008000 08:02 3434298                    /lib/x86_64-linux-gnu/libnss_compat-2.27.so
7f408f387000-7f408f388000 r--p 00008000 08:02 3434298                    /lib/x86_64-linux-gnu/libnss_compat-2.27.so
7f408f388000-7f408f389000 rw-p 00009000 08:02 3434298                    /lib/x86_64-linux-gnu/libnss_compat-2.27.so
7f408f389000-7f408f3b7000 r-xp 00000000 08:02 1313650                    /usr/lib/jvm/java-8-openjdk-amd64/jre/lib/amd64/libjava.so
7f408f3b7000-7f408f5b6000 ---p 0002e000 08:02 1313650                    /usr/lib/jvm/java-8-openjdk-amd64/jre/lib/amd64/libjava.so
7f408f5b6000-7f408f5b7000 r--p 0002d000 08:02 1313650                    /usr/lib/jvm/java-8-openjdk-amd64/jre/lib/amd64/libjava.so
7f408f5b7000-7f408f5b9000 rw-p 0002e000 08:02 1313650                    /usr/lib/jvm/java-8-openjdk-amd64/jre/lib/amd64/libjava.so
7f408f5b9000-7f408f5c9000 r-xp 00000000 08:02 1320423                    /usr/lib/jvm/java-8-openjdk-amd64/jre/lib/amd64/libverify.so
7f408f5c9000-7f408f7c8000 ---p 00010000 08:02 1320423                    /usr/lib/jvm/java-8-openjdk-amd64/jre/lib/amd64/libverify.so
7f408f7c8000-7f408f7ca000 r--p 0000f000 08:02 1320423                    /usr/lib/jvm/java-8-openjdk-amd64/jre/lib/amd64/libverify.so
7f408f7ca000-7f408f7cb000 rw-p 00011000 08:02 1320423                    /usr/lib/jvm/java-8-openjdk-amd64/jre/lib/amd64/libverify.so
7f408f7cb000-7f408f7d2000 r-xp 00000000 08:02 3434307                    /lib/x86_64-linux-gnu/librt-2.27.so
7f408f7d2000-7f408f9d1000 ---p 00007000 08:02 3434307                    /lib/x86_64-linux-gnu/librt-2.27.so
7f408f9d1000-7f408f9d2000 r--p 00006000 08:02 3434307                    /lib/x86_64-linux-gnu/librt-2.27.so
7f408f9d2000-7f408f9d3000 rw-p 00007000 08:02 3434307                    /lib/x86_64-linux-gnu/librt-2.27.so
7f408f9d3000-7f408f9ea000 r-xp 00000000 08:02 3434282                    /lib/x86_64-linux-gnu/libgcc_s.so.1
7f408f9ea000-7f408fbe9000 ---p 00017000 08:02 3434282                    /lib/x86_64-linux-gnu/libgcc_s.so.1
7f408fbe9000-7f408fbea000 r--p 00016000 08:02 3434282                    /lib/x86_64-linux-gnu/libgcc_s.so.1
7f408fbea000-7f408fbeb000 rw-p 00017000 08:02 3434282                    /lib/x86_64-linux-gnu/libgcc_s.so.1
7f408fbeb000-7f408fd88000 r-xp 00000000 08:02 3434294                    /lib/x86_64-linux-gnu/libm-2.27.so
7f408fd88000-7f408ff87000 ---p 0019d000 08:02 3434294                    /lib/x86_64-linux-gnu/libm-2.27.so
7f408ff87000-7f408ff88000 r--p 0019c000 08:02 3434294                    /lib/x86_64-linux-gnu/libm-2.27.so
7f408ff88000-7f408ff89000 rw-p 0019d000 08:02 3434294                    /lib/x86_64-linux-gnu/libm-2.27.so
7f408ff89000-7f4090107000 r-xp 00000000 08:02 1313492                    /usr/lib/x86_64-linux-gnu/libstdc++.so.6.0.25
7f4090107000-7f4090307000 ---p 0017e000 08:02 1313492                    /usr/lib/x86_64-linux-gnu/libstdc++.so.6.0.25
7f4090307000-7f4090311000 r--p 0017e000 08:02 1313492                    /usr/lib/x86_64-linux-gnu/libstdc++.so.6.0.25
7f4090311000-7f4090313000 rw-p 00188000 08:02 1313492                    /usr/lib/x86_64-linux-gnu/libstdc++.so.6.0.25
7f4090313000-7f4090317000 rw-p 00000000 00:00 0 
7f4090317000-7f4090fa8000 r-xp 00000000 08:02 1320426                    /usr/lib/jvm/java-8-openjdk-amd64/jre/lib/amd64/server/libjvm.so
7f4090fa8000-7f40911a8000 ---p 00c91000 08:02 1320426                    /usr/lib/jvm/java-8-openjdk-amd64/jre/lib/amd64/server/libjvm.so
7f40911a8000-7f409123b000 r--p 00c91000 08:02 1320426                    /usr/lib/jvm/java-8-openjdk-amd64/jre/lib/amd64/server/libjvm.so
7f409123b000-7f4091263000 rw-p 00d24000 08:02 1320426                    /usr/lib/jvm/java-8-openjdk-amd64/jre/lib/amd64/server/libjvm.so
7f4091263000-7f4091294000 rw-p 00000000 00:00 0 
7f4091294000-7f40912ae000 r-xp 00000000 08:02 3434305                    /lib/x86_64-linux-gnu/libpthread-2.27.so
7f40912ae000-7f40914ad000 ---p 0001a000 08:02 3434305                    /lib/x86_64-linux-gnu/libpthread-2.27.so
7f40914ad000-7f40914ae000 r--p 00019000 08:02 3434305                    /lib/x86_64-linux-gnu/libpthread-2.27.so
7f40914ae000-7f40914af000 rw-p 0001a000 08:02 3434305                    /lib/x86_64-linux-gnu/libpthread-2.27.so
7f40914af000-7f40914b3000 rw-p 00000000 00:00 0 
7f40914b3000-7f40914b6000 r-xp 00000000 08:02 3434293                    /lib/x86_64-linux-gnu/libdl-2.27.so
7f40914b6000-7f40916b5000 ---p 00003000 08:02 3434293                    /lib/x86_64-linux-gnu/libdl-2.27.so
7f40916b5000-7f40916b6000 r--p 00002000 08:02 3434293                    /lib/x86_64-linux-gnu/libdl-2.27.so
7f40916b6000-7f40916b7000 rw-p 00003000 08:02 3434293                    /lib/x86_64-linux-gnu/libdl-2.27.so
7f40916b7000-7f40916d3000 r-xp 00000000 08:02 3412648                    /lib/x86_64-linux-gnu/libz.so.1.2.11
7f40916d3000-7f40918d2000 ---p 0001c000 08:02 3412648                    /lib/x86_64-linux-gnu/libz.so.1.2.11
7f40918d2000-7f40918d3000 r--p 0001b000 08:02 3412648                    /lib/x86_64-linux-gnu/libz.so.1.2.11
7f40918d3000-7f40918d4000 rw-p 0001c000 08:02 3412648                    /lib/x86_64-linux-gnu/libz.so.1.2.11
7f40918d4000-7f4091abb000 r-xp 00000000 08:02 3434290                    /lib/x86_64-linux-gnu/libc-2.27.so
7f4091abb000-7f4091cbb000 ---p 001e7000 08:02 3434290                    /lib/x86_64-linux-gnu/libc-2.27.so
7f4091cbb000-7f4091cbf000 r--p 001e7000 08:02 3434290                    /lib/x86_64-linux-gnu/libc-2.27.so
7f4091cbf000-7f4091cc1000 rw-p 001eb000 08:02 3434290                    /lib/x86_64-linux-gnu/libc-2.27.so
7f4091cc1000-7f4091cc5000 rw-p 00000000 00:00 0 
7f4091cc5000-7f4091cd3000 r-xp 00000000 08:02 1313636                    /usr/lib/jvm/java-8-openjdk-amd64/jre/lib/amd64/jli/libjli.so
7f4091cd3000-7f4091ed2000 ---p 0000e000 08:02 1313636                    /usr/lib/jvm/java-8-openjdk-amd64/jre/lib/amd64/jli/libjli.so
7f4091ed2000-7f4091ed3000 r--p 0000d000 08:02 1313636                    /usr/lib/jvm/java-8-openjdk-amd64/jre/lib/amd64/jli/libjli.so
7f4091ed3000-7f4091ed4000 rw-p 0000e000 08:02 1313636                    /usr/lib/jvm/java-8-openjdk-amd64/jre/lib/amd64/jli/libjli.so
7f4091ed4000-7f4091efb000 r-xp 00000000 08:02 3424517                    /lib/x86_64-linux-gnu/ld-2.27.so
7f4091efb000-7f4091efc000 r--s 00004000 08:02 1706473                    /usr/share/java/ant-launcher-1.10.3.jar
7f4091efc000-7f4091efe000 r--s 00014000 08:02 1705600                    /usr/share/java/ant-commons-net-1.10.3.jar
7f4091efe000-7f4091f00000 r--s 0000c000 08:02 1706384                    /usr/share/java/ant-jsch-1.10.3.jar
7f4091f00000-7f4091f0a000 r--s 00116000 08:02 1320720                    /usr/lib/jvm/java-8-openjdk-amd64/jre/lib/ext/localedata.jar
7f4091f0a000-7f4091fd5000 rw-p 00000000 00:00 0 
7f4091fd5000-7f4091fd6000 ---p 00000000 00:00 0 
7f4091fd6000-7f4091fd9000 ---p 00000000 00:00 0 
7f4091fd9000-7f40920d8000 rw-p 00000000 00:00 0 
7f40920d8000-7f40920d9000 r--s 00006000 08:02 1706390                    /usr/share/java/ant-testutil-1.10.3.jar
7f40920d9000-7f40920da000 r--s 00004000 08:02 1706473                    /usr/share/java/ant-launcher-1.10.3.jar
7f40920da000-7f40920db000 r--s 00004000 08:02 1706473                    /usr/share/java/ant-launcher-1.10.3.jar
7f40920db000-7f40920de000 r--s 0000f000 08:02 1320510                    /usr/lib/jvm/java-8-openjdk-amd64/jre/lib/ext/icedtea-sound.jar
7f40920de000-7f40920df000 r--s 0000a000 08:02 1320719                    /usr/lib/jvm/java-8-openjdk-amd64/jre/lib/ext/jaccess.jar
7f40920df000-7f40920e0000 r--s 00010000 08:02 1320726                    /usr/lib/jvm/java-8-openjdk-amd64/jre/lib/ext/zipfs.jar
7f40920e0000-7f40920e6000 r--s 0003b000 08:02 1320724                    /usr/lib/jvm/java-8-openjdk-amd64/jre/lib/ext/sunjce_provider.jar
7f40920e6000-7f40920e8000 r--s 00008000 08:02 1320723                    /usr/lib/jvm/java-8-openjdk-amd64/jre/lib/ext/sunec.jar
7f40920e8000-7f40920eb000 r--s 00038000 08:02 1320725                    /usr/lib/jvm/java-8-openjdk-amd64/jre/lib/ext/sunpkcs11.jar
7f40920eb000-7f40920ed000 r--s 00007000 08:02 1706402                    /usr/share/java/java-atk-wrapper.jar
7f40920ed000-7f40920ef000 r--s 00001000 08:02 1320436                    /usr/lib/jvm/java-8-openjdk-amd64/jre/lib/ext/dnsns.jar
7f40920ef000-7f40920f7000 rw-s 00000000 08:02 5643369                    /tmp/hsperfdata_will/24324
7f40920f7000-7f40920f8000 rw-p 00000000 00:00 0 
7f40920f8000-7f40920f9000 ---p 00000000 00:00 0 
7f40920f9000-7f40920fb000 rw-p 00000000 00:00 0 
7f40920fb000-7f40920fc000 r--p 00027000 08:02 3424517                    /lib/x86_64-linux-gnu/ld-2.27.so
7f40920fc000-7f40920fd000 rw-p 00028000 08:02 3424517                    /lib/x86_64-linux-gnu/ld-2.27.so
7f40920fd000-7f40920fe000 rw-p 00000000 00:00 0 
7ffc1179f000-7ffc117c0000 rw-p 00000000 00:00 0                          [stack]
7ffc117dc000-7ffc117df000 r--p 00000000 00:00 0                          [vvar]
7ffc117df000-7ffc117e1000 r-xp 00000000 00:00 0                          [vdso]
ffffffffff600000-ffffffffff601000 r-xp 00000000 00:00 0                  [vsyscall]

VM Arguments:
jvm_args: -Dant.home=/usr/share/ant -Dant.library.dir=/usr/share/ant/lib 
java_command: org.apache.tools.ant.launch.Launcher -cp  -f ../apex-pmd/oss_project_downloader/antbuild.xml sonar
java_class_path (initial): /usr/share/ant/lib/ant-launcher.jar
Launcher Type: SUN_STANDARD

Environment Variables:
JAVA_HOME=/usr/lib/jvm/java-8-openjdk-amd64
PATH=/home/will/rider/bin:/home/will/eclipse/java-oxygen/eclipse:/usr/local/sbin:/usr/local/bin:/usr/sbin:/usr/bin:/sbin:/bin:/usr/games:/usr/local/games:/snap/bin
USERNAME=will
SHELL=/bin/bash
DISPLAY=:1

Signal Handlers:
SIGSEGV: [libjvm.so+0xaabcd0], sa_mask[0]=11111111011111111101111111111110, sa_flags=SA_RESTART|SA_SIGINFO
SIGBUS: [libjvm.so+0xaabcd0], sa_mask[0]=11111111011111111101111111111110, sa_flags=SA_RESTART|SA_SIGINFO
SIGFPE: [libjvm.so+0x8e1d50], sa_mask[0]=11111111011111111101111111111110, sa_flags=SA_RESTART|SA_SIGINFO
SIGPIPE: [libjvm.so+0x8e1d50], sa_mask[0]=11111111011111111101111111111110, sa_flags=SA_RESTART|SA_SIGINFO
SIGXFSZ: [libjvm.so+0x8e1d50], sa_mask[0]=11111111011111111101111111111110, sa_flags=SA_RESTART|SA_SIGINFO
SIGILL: [libjvm.so+0x8e1d50], sa_mask[0]=11111111011111111101111111111110, sa_flags=SA_RESTART|SA_SIGINFO
SIGUSR1: SIG_DFL, sa_mask[0]=00000000000000000000000000000000, sa_flags=none
SIGUSR2: [libjvm.so+0x8e1c00], sa_mask[0]=00000000000000000000000000000000, sa_flags=SA_RESTART|SA_SIGINFO
SIGHUP: [libjvm.so+0x8e20b0], sa_mask[0]=11111111011111111101111111111110, sa_flags=SA_RESTART|SA_SIGINFO
SIGINT: [libjvm.so+0x8e20b0], sa_mask[0]=11111111011111111101111111111110, sa_flags=SA_RESTART|SA_SIGINFO
SIGTERM: [libjvm.so+0x8e20b0], sa_mask[0]=11111111011111111101111111111110, sa_flags=SA_RESTART|SA_SIGINFO
SIGQUIT: [libjvm.so+0x8e20b0], sa_mask[0]=11111111011111111101111111111110, sa_flags=SA_RESTART|SA_SIGINFO


---------------  S Y S T E M  ---------------

OS:DISTRIB_ID=Ubuntu
DISTRIB_RELEASE=18.04
DISTRIB_CODENAME=bionic
DISTRIB_DESCRIPTION="Ubuntu 18.04 LTS"

uname:Linux 4.15.0-23-generic #25-Ubuntu SMP Wed May 23 18:02:16 UTC 2018 x86_64
libc:glibc 2.27 NPTL 2.27 
rlimit: STACK 8192k, CORE 0k, NPROC 31042, NOFILE 4096, AS infinity
load average:2.08 0.95 0.63

/proc/meminfo:
MemTotal:        8054952 kB
MemFree:          136724 kB
MemAvailable:      83744 kB
Buffers:            7464 kB
Cached:           333320 kB
SwapCached:        50656 kB
Active:          6474656 kB
Inactive:         968716 kB
Active(anon):    6416940 kB
Inactive(anon):   925024 kB
Active(file):      57716 kB
Inactive(file):    43692 kB
Unevictable:          32 kB
Mlocked:              32 kB
SwapTotal:       2097148 kB
SwapFree:           4812 kB
Dirty:              1856 kB
Writeback:             0 kB
AnonPages:       7052316 kB
Mapped:           403216 kB
Shmem:            239124 kB
Slab:             176316 kB
SReclaimable:      64308 kB
SUnreclaim:       112008 kB
KernelStack:       19936 kB
PageTables:        97956 kB
NFS_Unstable:          0 kB
Bounce:                0 kB
WritebackTmp:          0 kB
CommitLimit:     6124624 kB
Committed_AS:   18409208 kB
VmallocTotal:   34359738367 kB
VmallocUsed:           0 kB
VmallocChunk:          0 kB
HardwareCorrupted:     0 kB
AnonHugePages:         0 kB
ShmemHugePages:        0 kB
ShmemPmdMapped:        0 kB
CmaTotal:              0 kB
CmaFree:               0 kB
HugePages_Total:       0
HugePages_Free:        0
HugePages_Rsvd:        0
HugePages_Surp:        0
Hugepagesize:       2048 kB
DirectMap4k:      552248 kB
DirectMap2M:     6674432 kB
DirectMap1G:     1048576 kB


CPU:total 4 (initial active 4) (2 cores per cpu, 2 threads per core) family 6 model 69 stepping 1, cmov, cx8, fxsr, mmx, sse, sse2, sse3, ssse3, sse4.1, sse4.2, popcnt, avx, avx2, aes, clmul, erms, lzcnt, ht, tsc, tscinvbit, bmi1, bmi2

/proc/cpuinfo:
processor	: 0
vendor_id	: GenuineIntel
cpu family	: 6
model		: 69
model name	: Intel(R) Core(TM) i5-4210U CPU @ 1.70GHz
stepping	: 1
microcode	: 0x23
cpu MHz		: 2475.611
cache size	: 3072 KB
physical id	: 0
siblings	: 4
core id		: 0
cpu cores	: 2
apicid		: 0
initial apicid	: 0
fpu		: yes
fpu_exception	: yes
cpuid level	: 13
wp		: yes
flags		: fpu vme de pse tsc msr pae mce cx8 apic sep mtrr pge mca cmov pat pse36 clflush dts acpi mmx fxsr sse sse2 ss ht tm pbe syscall nx pdpe1gb rdtscp lm constant_tsc arch_perfmon pebs bts rep_good nopl xtopology nonstop_tsc cpuid aperfmperf pni pclmulqdq dtes64 monitor ds_cpl vmx est tm2 ssse3 sdbg fma cx16 xtpr pdcm pcid sse4_1 sse4_2 movbe popcnt tsc_deadline_timer aes xsave avx f16c rdrand lahf_lm abm cpuid_fault epb invpcid_single pti ibrs ibpb stibp tpr_shadow vnmi flexpriority ept vpid fsgsbase tsc_adjust bmi1 avx2 smep bmi2 erms invpcid xsaveopt dtherm ida arat pln pts
bugs		: cpu_meltdown spectre_v1 spectre_v2 spec_store_bypass
bogomips	: 4788.94
clflush size	: 64
cache_alignment	: 64
address sizes	: 39 bits physical, 48 bits virtual
power management:

processor	: 1
vendor_id	: GenuineIntel
cpu family	: 6
model		: 69
model name	: Intel(R) Core(TM) i5-4210U CPU @ 1.70GHz
stepping	: 1
microcode	: 0x23
cpu MHz		: 2326.656
cache size	: 3072 KB
physical id	: 0
siblings	: 4
core id		: 1
cpu cores	: 4
apicid		: 2
initial apicid	: 2
fpu		: yes
fpu_exception	: yes
cpuid level	: 13
wp		: yes
flags		: fpu vme de pse tsc msr pae mce cx8 apic sep mtrr pge mca cmov pat pse36 clflush dts acpi mmx fxsr sse sse2 ss ht tm pbe syscall nx pdpe1gb rdtscp lm constant_tsc arch_perfmon pebs bts rep_good nopl xtopology nonstop_tsc cpuid aperfmperf pni pclmulqdq dtes64 monitor ds_cpl vmx est tm2 ssse3 sdbg fma cx16 xtpr pdcm pcid sse4_1 sse4_2 movbe popcnt tsc_deadline_timer aes xsave avx f16c rdrand lahf_lm abm cpuid_fault epb invpcid_single pti ibrs ibpb stibp tpr_shadow vnmi flexpriority ept vpid fsgsbase tsc_adjust bmi1 avx2 smep bmi2 erms invpcid xsaveopt dtherm ida arat pln pts
bugs		: cpu_meltdown spectre_v1 spectre_v2 spec_store_bypass
bogomips	: 4788.94
clflush size	: 64
cache_alignment	: 64
address sizes	: 39 bits physical, 48 bits virtual
power management:

processor	: 2
vendor_id	: GenuineIntel
cpu family	: 6
model		: 69
model name	: Intel(R) Core(TM) i5-4210U CPU @ 1.70GHz
stepping	: 1
microcode	: 0x23
cpu MHz		: 2602.598
cache size	: 3072 KB
physical id	: 0
siblings	: 4
core id		: 0
cpu cores	: 2
apicid		: 1
initial apicid	: 1
fpu		: yes
fpu_exception	: yes
cpuid level	: 13
wp		: yes
flags		: fpu vme de pse tsc msr pae mce cx8 apic sep mtrr pge mca cmov pat pse36 clflush dts acpi mmx fxsr sse sse2 ss ht tm pbe syscall nx pdpe1gb rdtscp lm constant_tsc arch_perfmon pebs bts rep_good nopl xtopology nonstop_tsc cpuid aperfmperf pni pclmulqdq dtes64 monitor ds_cpl vmx est tm2 ssse3 sdbg fma cx16 xtpr pdcm pcid sse4_1 sse4_2 movbe popcnt tsc_deadline_timer aes xsave avx f16c rdrand lahf_lm abm cpuid_fault epb invpcid_single pti ibrs ibpb stibp tpr_shadow vnmi flexpriority ept vpid fsgsbase tsc_adjust bmi1 avx2 smep bmi2 erms invpcid xsaveopt dtherm ida arat pln pts
bugs		: cpu_meltdown spectre_v1 spectre_v2 spec_store_bypass
bogomips	: 4788.94
clflush size	: 64
cache_alignment	: 64
address sizes	: 39 bits physical, 48 bits virtual
power management:

processor	: 3
vendor_id	: GenuineIntel
cpu family	: 6
model		: 69
model name	: Intel(R) Core(TM) i5-4210U CPU @ 1.70GHz
stepping	: 1
microcode	: 0x23
cpu MHz		: 2457.349
cache size	: 3072 KB
physical id	: 0
siblings	: 4
core id		: 1
cpu cores	: 1
apicid		: 3
initial apicid	: 3
fpu		: yes
fpu_exception	: yes
cpuid level	: 13
wp		: yes
flags		: fpu vme de pse tsc msr pae mce cx8 apic sep mtrr pge mca cmov pat pse36 clflush dts acpi mmx fxsr sse sse2 ss ht tm pbe syscall nx pdpe1gb rdtscp lm constant_tsc arch_perfmon pebs bts rep_good nopl xtopology nonstop_tsc cpuid aperfmperf pni pclmulqdq dtes64 monitor ds_cpl vmx est tm2 ssse3 sdbg fma cx16 xtpr pdcm pcid sse4_1 sse4_2 movbe popcnt tsc_deadline_timer aes xsave avx f16c rdrand lahf_lm abm cpuid_fault epb invpcid_single pti ibrs ibpb stibp tpr_shadow vnmi flexpriority ept vpid fsgsbase tsc_adjust bmi1 avx2 smep bmi2 erms invpcid xsaveopt dtherm ida arat pln pts
bugs		: cpu_meltdown spectre_v1 spectre_v2 spec_store_bypass
bogomips	: 4788.94
clflush size	: 64
cache_alignment	: 64
address sizes	: 39 bits physical, 48 bits virtual
power management:



Memory: 4k page, physical 8054952k(136724k free), swap 2097148k(4812k free)

vm_info: OpenJDK 64-Bit Server VM (25.171-b11) for linux-amd64 JRE (1.8.0_171-8u171-b11-0ubuntu0.18.04.1-b11), built on Apr 26 2018 15:59:34 by "buildd" with gcc 7.3.0

time: Fri Jul  6 01:01:04 2018
elapsed time: 32 seconds (0d 0h 0m 32s)

