36.0 APEX_CODE,DEBUG;APEX_PROFILING,INFO;CALLOUT,INFO;DB,INFO;SYSTEM,DEBUG;VALIDATION,INFO;VISUALFORCE,DEBUG;WORKFLOW,INFO
Execute Anonymous: Account a;
13:19:30.36 (36144569)|USER_INFO|[EXTERNAL]|005C000000615ih|kent.roessler@daikinapplied.com.nadev|Central Standard Time|GMT-05:00
13:19:30.36 (36162552)|EXECUTION_STARTED
13:19:30.36 (36170169)|CODE_UNIT_STARTED|[EXTERNAL]|execute_anonymous_apex
13:19:30.36 (36776895)|CUMULATIVE_LIMIT_USAGE
13:19:30.36 (36776895)|LIMIT_USAGE_FOR_NS|(default)|
  Number of SOQL queries: 0 out of 100
  Number of query rows: 0 out of 50000
  Number of SOSL queries: 0 out of 20
  Number of DML statements: 0 out of 150
  Number of DML rows: 0 out of 10000
  Maximum CPU time: 0 out of 10000
  Maximum heap size: 0 out of 6000000
  Number of callouts: 0 out of 100
  Number of Email Invocations: 0 out of 10
  Number of future calls: 0 out of 50
  Number of queueable jobs added to the queue: 0 out of 50
  Number of Mobile Apex push calls: 0 out of 10

13:19:30.36 (36776895)|CUMULATIVE_LIMIT_USAGE_END

13:19:30.36 (36841780)|CODE_UNIT_FINISHED|execute_anonymous_apex
13:19:30.36 (38008340)|EXECUTION_FINISHED
