24.0 APEX_CODE,DEBUG;APEX_PROFILING,INFO;CALLOUT,INFO;DB,INFO;SYSTEM,DEBUG;VALIDATION,INFO;VISUALFORCE,DEBUG;WORKFLOW,INFO
13:25:19.3 (3119026)|USER_INFO|[EXTERNAL]|005C000000615ih|kent.roessler@daikinapplied.com.nadev|Central Standard Time|GMT-05:00
13:25:19.3 (3174718)|EXECUTION_STARTED
13:25:19.3 (3184587)|CODE_UNIT_STARTED|[EXTERNAL]|01pC0000000hfVg|TestContactTrigger.myUnitTest
13:25:19.8 (8823763)|CUMULATIVE_LIMIT_USAGE
13:25:19.8 (8823763)|LIMIT_USAGE_FOR_NS|(default)|
  Number of SOQL queries: 0 out of 100
  Number of query rows: 0 out of 50000
  Number of SOSL queries: 0 out of 20
  Number of DML statements: 0 out of 150
  Number of DML rows: 0 out of 10000
  Maximum CPU time: 0 out of 10000
  Maximum heap size: 0 out of 6000000
  Number of callouts: 0 out of 100
  Number of Email Invocations: 0 out of 10
  Number of future calls: 0 out of 50
  Number of queueable jobs added to the queue: 0 out of 50
  Number of Mobile Apex push calls: 0 out of 10

13:25:19.8 (8823763)|CUMULATIVE_LIMIT_USAGE_END

13:25:19.3 (8862850)|CODE_UNIT_FINISHED|TestContactTrigger.myUnitTest
13:25:19.3 (10192087)|EXECUTION_FINISHED
